{"/Users/rodrigoruiz/Documents/personal/cfdi-xml/src/index.ts": {"path":"/Users/rodrigoruiz/Documents/personal/cfdi-xml/src/index.ts","statementMap":{"0":{"start":{"line":25,"column":0},"end":{"line":25,"column":20}},"1":{"start":{"line":26,"column":14},"end":{"line":26,"column":35}},"2":{"start":{"line":27,"column":13},"end":{"line":27,"column":28}},"3":{"start":{"line":28,"column":0},"end":{"line":28,"column":47}},"4":{"start":{"line":29,"column":0},"end":{"line":29,"column":28}},"5":{"start":{"line":30,"column":0},"end":{"line":30,"column":31}},"6":{"start":{"line":31,"column":0},"end":{"line":31,"column":36}},"7":{"start":{"line":32,"column":0},"end":{"line":32,"column":33}},"8":{"start":{"line":33,"column":0},"end":{"line":33,"column":58}},"9":{"start":{"line":34,"column":0},"end":{"line":34,"column":37}},"10":{"start":{"line":35,"column":14},"end":{"line":35,"column":30}},"11":{"start":{"line":36,"column":16},"end":{"line":36,"column":35}},"12":{"start":{"line":37,"column":17},"end":{"line":37,"column":66}},"13":{"start":{"line":40,"column":2},"end":{"line":40,"column":25}},"14":{"start":{"line":41,"column":2},"end":{"line":41,"column":26}},"15":{"start":{"line":42,"column":2},"end":{"line":42,"column":36}},"16":{"start":{"line":43,"column":2},"end":{"line":43,"column":75}},"17":{"start":{"line":44,"column":2},"end":{"line":44,"column":null}},"18":{"start":{"line":52,"column":2},"end":{"line":52,"column":null}},"19":{"start":{"line":58,"column":2},"end":{"line":58,"column":39}},"20":{"start":{"line":59,"column":2},"end":{"line":59,"column":43}},"21":{"start":{"line":61,"column":4},"end":{"line":61,"column":29}},"22":{"start":{"line":62,"column":4},"end":{"line":62,"column":30}},"23":{"start":{"line":63,"column":4},"end":{"line":63,"column":31}},"24":{"start":{"line":64,"column":4},"end":{"line":64,"column":62}},"25":{"start":{"line":65,"column":4},"end":{"line":72,"column":6}},"26":{"start":{"line":73,"column":4},"end":{"line":77,"column":6}},"27":{"start":{"line":78,"column":4},"end":{"line":81,"column":null}},"28":{"start":{"line":82,"column":4},"end":{"line":96,"column":6}},"29":{"start":{"line":99,"column":4},"end":{"line":114,"column":5}},"30":{"start":{"line":101,"column":23},"end":{"line":101,"column":71}},"31":{"start":{"line":102,"column":19},"end":{"line":102,"column":58}},"32":{"start":{"line":104,"column":6},"end":{"line":109,"column":18}},"33":{"start":{"line":107,"column":10},"end":{"line":107,"column":54}},"34":{"start":{"line":110,"column":18},"end":{"line":110,"column":50}},"35":{"start":{"line":111,"column":6},"end":{"line":111,"column":33}},"36":{"start":{"line":113,"column":6},"end":{"line":113,"column":18}},"37":{"start":{"line":121,"column":4},"end":{"line":121,"column":43}},"38":{"start":{"line":122,"column":4},"end":{"line":122,"column":33}},"39":{"start":{"line":123,"column":4},"end":{"line":123,"column":31}},"40":{"start":{"line":126,"column":4},"end":{"line":126,"column":51}},"41":{"start":{"line":127,"column":4},"end":{"line":127,"column":62}},"42":{"start":{"line":131,"column":4},"end":{"line":142,"column":5}},"43":{"start":{"line":132,"column":18},"end":{"line":137,"column":8}},"44":{"start":{"line":138,"column":24},"end":{"line":138,"column":68}},"45":{"start":{"line":139,"column":6},"end":{"line":139,"column":40}},"46":{"start":{"line":141,"column":6},"end":{"line":141,"column":18}},"47":{"start":{"line":145,"column":4},"end":{"line":145,"column":27}},"48":{"start":{"line":146,"column":4},"end":{"line":146,"column":33}},"49":{"start":{"line":147,"column":4},"end":{"line":147,"column":47}},"50":{"start":{"line":156,"column":4},"end":{"line":156,"column":29}},"51":{"start":{"line":157,"column":4},"end":{"line":157,"column":35}},"52":{"start":{"line":158,"column":4},"end":{"line":158,"column":58}},"53":{"start":{"line":159,"column":4},"end":{"line":159,"column":57}},"54":{"start":{"line":160,"column":4},"end":{"line":160,"column":37}},"55":{"start":{"line":163,"column":4},"end":{"line":163,"column":32}},"56":{"start":{"line":166,"column":24},"end":{"line":169,"column":36}},"57":{"start":{"line":170,"column":16},"end":{"line":178,"column":null}},"58":{"start":{"line":180,"column":4},"end":{"line":180,"column":26}},"59":{"start":{"line":183,"column":4},"end":{"line":228,"column":5}},"60":{"start":{"line":184,"column":6},"end":{"line":225,"column":7}},"61":{"start":{"line":185,"column":28},"end":{"line":188,"column":40}},"62":{"start":{"line":189,"column":20},"end":{"line":197,"column":null}},"63":{"start":{"line":199,"column":29},"end":{"line":199,"column":43}},"64":{"start":{"line":200,"column":25},"end":{"line":200,"column":37}},"65":{"start":{"line":201,"column":8},"end":{"line":220,"column":9}},"66":{"start":{"line":202,"column":30},"end":{"line":202,"column":73}},"67":{"start":{"line":203,"column":38},"end":{"line":204,"column":null}},"68":{"start":{"line":206,"column":30},"end":{"line":206,"column":105}},"69":{"start":{"line":207,"column":25},"end":{"line":207,"column":40}},"70":{"start":{"line":208,"column":25},"end":{"line":210,"column":null}},"71":{"start":{"line":214,"column":12},"end":{"line":214,"column":62}},"72":{"start":{"line":215,"column":10},"end":{"line":217,"column":11}},"73":{"start":{"line":216,"column":12},"end":{"line":216,"column":74}},"74":{"start":{"line":218,"column":29},"end":{"line":218,"column":48}},"75":{"start":{"line":219,"column":10},"end":{"line":219,"column":60}},"76":{"start":{"line":222,"column":8},"end":{"line":222,"column":26}},"77":{"start":{"line":224,"column":8},"end":{"line":224,"column":70}},"78":{"start":{"line":227,"column":6},"end":{"line":227,"column":18}},"79":{"start":{"line":231,"column":4},"end":{"line":231,"column":175}},"80":{"start":{"line":355,"column":4},"end":{"line":362,"column":5}},"81":{"start":{"line":356,"column":18},"end":{"line":356,"column":33}},"82":{"start":{"line":357,"column":19},"end":{"line":357,"column":47}},"83":{"start":{"line":359,"column":6},"end":{"line":359,"column":18}},"84":{"start":{"line":361,"column":6},"end":{"line":361,"column":18}},"85":{"start":{"line":39,"column":0},"end":{"line":39,"column":13}},"86":{"start":{"line":234,"column":29},"end":{"line":353,"column":null}},"87":{"start":{"line":235,"column":24},"end":{"line":235,"column":108}},"88":{"start":{"line":236,"column":24},"end":{"line":236,"column":80}},"89":{"start":{"line":237,"column":24},"end":{"line":237,"column":141}},"90":{"start":{"line":239,"column":4},"end":{"line":278,"column":5}},"91":{"start":{"line":240,"column":26},"end":{"line":240,"column":74}},"92":{"start":{"line":241,"column":33},"end":{"line":241,"column":56}},"93":{"start":{"line":242,"column":26},"end":{"line":242,"column":105}},"94":{"start":{"line":243,"column":26},"end":{"line":243,"column":158}},"95":{"start":{"line":245,"column":26},"end":{"line":245,"column":79}},"96":{"start":{"line":246,"column":19},"end":{"line":260,"column":null}},"97":{"start":{"line":262,"column":26},"end":{"line":262,"column":110}},"98":{"start":{"line":263,"column":26},"end":{"line":263,"column":155}},"99":{"start":{"line":265,"column":26},"end":{"line":265,"column":57}},"100":{"start":{"line":266,"column":19},"end":{"line":266,"column":46}},"101":{"start":{"line":267,"column":6},"end":{"line":267,"column":26}},"102":{"start":{"line":268,"column":6},"end":{"line":268,"column":17}},"103":{"start":{"line":269,"column":24},"end":{"line":269,"column":66}},"104":{"start":{"line":270,"column":26},"end":{"line":270,"column":88}},"105":{"start":{"line":271,"column":26},"end":{"line":271,"column":148}},"106":{"start":{"line":273,"column":26},"end":{"line":273,"column":113}},"107":{"start":{"line":274,"column":6},"end":{"line":274,"column":23}},"108":{"start":{"line":276,"column":26},"end":{"line":276,"column":115}},"109":{"start":{"line":277,"column":6},"end":{"line":277,"column":18}},"110":{"start":{"line":282,"column":24},"end":{"line":282,"column":72}},"111":{"start":{"line":283,"column":21},"end":{"line":283,"column":65}},"112":{"start":{"line":284,"column":21},"end":{"line":284,"column":72}},"113":{"start":{"line":285,"column":24},"end":{"line":285,"column":null}},"114":{"start":{"line":286,"column":24},"end":{"line":286,"column":57}},"115":{"start":{"line":287,"column":24},"end":{"line":287,"column":null}},"116":{"start":{"line":288,"column":16},"end":{"line":288,"column":72}},"117":{"start":{"line":289,"column":28},"end":{"line":326,"column":6}},"118":{"start":{"line":327,"column":25},"end":{"line":327,"column":62}},"119":{"start":{"line":329,"column":4},"end":{"line":348,"column":7}},"120":{"start":{"line":330,"column":19},"end":{"line":330,"column":44}},"121":{"start":{"line":331,"column":6},"end":{"line":347,"column":7}},"122":{"start":{"line":332,"column":28},"end":{"line":332,"column":56}},"123":{"start":{"line":334,"column":31},"end":{"line":334,"column":67}},"124":{"start":{"line":335,"column":27},"end":{"line":337,"column":null}},"125":{"start":{"line":340,"column":8},"end":{"line":343,"column":9}},"126":{"start":{"line":341,"column":31},"end":{"line":341,"column":71}},"127":{"start":{"line":342,"column":10},"end":{"line":342,"column":59}},"128":{"start":{"line":346,"column":8},"end":{"line":346,"column":42}},"129":{"start":{"line":349,"column":19},"end":{"line":349,"column":61}},"130":{"start":{"line":350,"column":24},"end":{"line":350,"column":114}},"131":{"start":{"line":351,"column":24},"end":{"line":351,"column":103}},"132":{"start":{"line":352,"column":4},"end":{"line":352,"column":18}},"133":{"start":{"line":368,"column":4},"end":{"line":389,"column":5}},"134":{"start":{"line":369,"column":25},"end":{"line":372,"column":26}},"135":{"start":{"line":373,"column":24},"end":{"line":373,"column":69}},"136":{"start":{"line":374,"column":6},"end":{"line":386,"column":7}},"137":{"start":{"line":375,"column":21},"end":{"line":375,"column":55}},"138":{"start":{"line":376,"column":8},"end":{"line":379,"column":10}},"139":{"start":{"line":381,"column":8},"end":{"line":385,"column":10}},"140":{"start":{"line":388,"column":6},"end":{"line":388,"column":75}},"141":{"start":{"line":396,"column":4},"end":{"line":423,"column":5}},"142":{"start":{"line":397,"column":23},"end":{"line":397,"column":59}},"143":{"start":{"line":398,"column":6},"end":{"line":417,"column":7}},"144":{"start":{"line":399,"column":23},"end":{"line":399,"column":81}},"145":{"start":{"line":399,"column":59},"end":{"line":399,"column":80}},"146":{"start":{"line":400,"column":8},"end":{"line":411,"column":9}},"147":{"start":{"line":401,"column":10},"end":{"line":404,"column":12}},"148":{"start":{"line":406,"column":10},"end":{"line":410,"column":12}},"149":{"start":{"line":413,"column":8},"end":{"line":416,"column":10}},"150":{"start":{"line":419,"column":6},"end":{"line":422,"column":8}},"151":{"start":{"line":365,"column":0},"end":{"line":365,"column":13}},"152":{"start":{"line":427,"column":2},"end":{"line":427,"column":15}},"153":{"start":{"line":428,"column":2},"end":{"line":428,"column":32}},"154":{"start":{"line":429,"column":2},"end":{"line":429,"column":52}},"155":{"start":{"line":430,"column":2},"end":{"line":430,"column":54}},"156":{"start":{"line":431,"column":2},"end":{"line":431,"column":35}},"157":{"start":{"line":432,"column":2},"end":{"line":432,"column":55}},"158":{"start":{"line":433,"column":2},"end":{"line":433,"column":29}},"159":{"start":{"line":434,"column":2},"end":{"line":434,"column":43}},"160":{"start":{"line":435,"column":2},"end":{"line":435,"column":61}},"161":{"start":{"line":436,"column":2},"end":{"line":436,"column":36}},"162":{"start":{"line":437,"column":2},"end":{"line":437,"column":40}},"163":{"start":{"line":438,"column":2},"end":{"line":438,"column":42}},"164":{"start":{"line":439,"column":2},"end":{"line":439,"column":36}},"165":{"start":{"line":441,"column":4},"end":{"line":441,"column":20}},"166":{"start":{"line":442,"column":4},"end":{"line":442,"column":31}},"167":{"start":{"line":443,"column":4},"end":{"line":443,"column":34}},"168":{"start":{"line":444,"column":4},"end":{"line":444,"column":31}},"169":{"start":{"line":445,"column":4},"end":{"line":445,"column":32}},"170":{"start":{"line":446,"column":4},"end":{"line":450,"column":6}},"171":{"start":{"line":451,"column":4},"end":{"line":451,"column":35}},"172":{"start":{"line":452,"column":4},"end":{"line":452,"column":35}},"173":{"start":{"line":453,"column":4},"end":{"line":456,"column":6}},"174":{"start":{"line":457,"column":4},"end":{"line":462,"column":6}},"175":{"start":{"line":463,"column":4},"end":{"line":463,"column":23}},"176":{"start":{"line":464,"column":4},"end":{"line":464,"column":25}},"177":{"start":{"line":465,"column":4},"end":{"line":465,"column":26}},"178":{"start":{"line":472,"column":4},"end":{"line":472,"column":37}},"179":{"start":{"line":475,"column":4},"end":{"line":475,"column":44}},"180":{"start":{"line":478,"column":4},"end":{"line":478,"column":45}},"181":{"start":{"line":481,"column":4},"end":{"line":481,"column":28}},"182":{"start":{"line":484,"column":4},"end":{"line":484,"column":56}},"183":{"start":{"line":485,"column":4},"end":{"line":485,"column":16}},"184":{"start":{"line":488,"column":22},"end":{"line":488,"column":58}},"185":{"start":{"line":489,"column":4},"end":{"line":492,"column":5}},"186":{"start":{"line":490,"column":23},"end":{"line":490,"column":59}},"187":{"start":{"line":491,"column":6},"end":{"line":491,"column":44}},"188":{"start":{"line":493,"column":4},"end":{"line":493,"column":16}},"189":{"start":{"line":496,"column":22},"end":{"line":496,"column":58}},"190":{"start":{"line":497,"column":4},"end":{"line":503,"column":5}},"191":{"start":{"line":498,"column":23},"end":{"line":498,"column":59}},"192":{"start":{"line":499,"column":6},"end":{"line":501,"column":7}},"193":{"start":{"line":500,"column":8},"end":{"line":500,"column":41}},"194":{"start":{"line":502,"column":6},"end":{"line":502,"column":53}},"195":{"start":{"line":507,"column":4},"end":{"line":507,"column":32}},"196":{"start":{"line":508,"column":4},"end":{"line":508,"column":34}},"197":{"start":{"line":509,"column":4},"end":{"line":509,"column":16}},"198":{"start":{"line":512,"column":4},"end":{"line":512,"column":41}},"199":{"start":{"line":513,"column":4},"end":{"line":513,"column":16}},"200":{"start":{"line":516,"column":4},"end":{"line":516,"column":36}},"201":{"start":{"line":517,"column":4},"end":{"line":517,"column":16}},"202":{"start":{"line":520,"column":4},"end":{"line":520,"column":38}},"203":{"start":{"line":521,"column":4},"end":{"line":521,"column":16}},"204":{"start":{"line":524,"column":4},"end":{"line":524,"column":39}},"205":{"start":{"line":525,"column":4},"end":{"line":525,"column":16}},"206":{"start":{"line":528,"column":22},"end":{"line":528,"column":49}},"207":{"start":{"line":529,"column":4},"end":{"line":535,"column":5}},"208":{"start":{"line":530,"column":23},"end":{"line":530,"column":50}},"209":{"start":{"line":531,"column":6},"end":{"line":533,"column":7}},"210":{"start":{"line":532,"column":8},"end":{"line":532,"column":39}},"211":{"start":{"line":534,"column":6},"end":{"line":534,"column":51}},"212":{"start":{"line":536,"column":4},"end":{"line":536,"column":16}},"213":{"start":{"line":539,"column":22},"end":{"line":539,"column":49}},"214":{"start":{"line":540,"column":4},"end":{"line":543,"column":5}},"215":{"start":{"line":541,"column":23},"end":{"line":541,"column":50}},"216":{"start":{"line":542,"column":6},"end":{"line":542,"column":32}},"217":{"start":{"line":544,"column":4},"end":{"line":544,"column":16}},"218":{"start":{"line":615,"column":4},"end":{"line":626,"column":5}},"219":{"start":{"line":616,"column":18},"end":{"line":621,"column":8}},"220":{"start":{"line":622,"column":24},"end":{"line":622,"column":68}},"221":{"start":{"line":623,"column":6},"end":{"line":623,"column":40}},"222":{"start":{"line":625,"column":6},"end":{"line":625,"column":18}},"223":{"start":{"line":658,"column":4},"end":{"line":989,"column":5}},"224":{"start":{"line":659,"column":21},"end":{"line":659,"column":36}},"225":{"start":{"line":660,"column":21},"end":{"line":660,"column":73}},"226":{"start":{"line":661,"column":26},"end":{"line":662,"column":null}},"227":{"start":{"line":665,"column":6},"end":{"line":982,"column":7}},"228":{"start":{"line":666,"column":26},"end":{"line":666,"column":76}},"229":{"start":{"line":667,"column":8},"end":{"line":670,"column":10}},"230":{"start":{"line":671,"column":8},"end":{"line":674,"column":10}},"231":{"start":{"line":675,"column":32},"end":{"line":676,"column":null}},"232":{"start":{"line":678,"column":24},"end":{"line":679,"column":null}},"233":{"start":{"line":681,"column":8},"end":{"line":681,"column":47}},"234":{"start":{"line":682,"column":8},"end":{"line":682,"column":60}},"235":{"start":{"line":685,"column":8},"end":{"line":689,"column":12}},"236":{"start":{"line":686,"column":10},"end":{"line":689,"column":12}},"237":{"start":{"line":691,"column":8},"end":{"line":712,"column":9}},"238":{"start":{"line":695,"column":10},"end":{"line":698,"column":12}},"239":{"start":{"line":699,"column":10},"end":{"line":711,"column":11}},"240":{"start":{"line":700,"column":44},"end":{"line":701,"column":null}},"241":{"start":{"line":703,"column":12},"end":{"line":710,"column":15}},"242":{"start":{"line":704,"column":14},"end":{"line":709,"column":15}},"243":{"start":{"line":705,"column":43},"end":{"line":706,"column":null}},"244":{"start":{"line":708,"column":16},"end":{"line":708,"column":73}},"245":{"start":{"line":714,"column":8},"end":{"line":721,"column":12}},"246":{"start":{"line":718,"column":10},"end":{"line":721,"column":12}},"247":{"start":{"line":723,"column":8},"end":{"line":727,"column":12}},"248":{"start":{"line":724,"column":10},"end":{"line":727,"column":12}},"249":{"start":{"line":729,"column":8},"end":{"line":733,"column":12}},"250":{"start":{"line":730,"column":10},"end":{"line":733,"column":12}},"251":{"start":{"line":735,"column":8},"end":{"line":763,"column":9}},"252":{"start":{"line":739,"column":10},"end":{"line":742,"column":12}},"253":{"start":{"line":743,"column":10},"end":{"line":762,"column":11}},"254":{"start":{"line":745,"column":12},"end":{"line":752,"column":16}},"255":{"start":{"line":749,"column":14},"end":{"line":752,"column":16}},"256":{"start":{"line":754,"column":12},"end":{"line":761,"column":16}},"257":{"start":{"line":758,"column":14},"end":{"line":761,"column":16}},"258":{"start":{"line":764,"column":33},"end":{"line":765,"column":null}},"259":{"start":{"line":767,"column":64},"end":{"line":778,"column":10}},"260":{"start":{"line":780,"column":38},"end":{"line":781,"column":null}},"261":{"start":{"line":783,"column":8},"end":{"line":783,"column":70}},"262":{"start":{"line":784,"column":38},"end":{"line":785,"column":null}},"263":{"start":{"line":787,"column":8},"end":{"line":799,"column":11}},"264":{"start":{"line":788,"column":10},"end":{"line":798,"column":13}},"265":{"start":{"line":789,"column":29},"end":{"line":789,"column":66}},"266":{"start":{"line":790,"column":26},"end":{"line":790,"column":40}},"267":{"start":{"line":791,"column":12},"end":{"line":797,"column":13}},"268":{"start":{"line":792,"column":14},"end":{"line":796,"column":15}},"269":{"start":{"line":793,"column":16},"end":{"line":793,"column":74}},"270":{"start":{"line":795,"column":16},"end":{"line":795,"column":74}},"271":{"start":{"line":802,"column":39},"end":{"line":803,"column":null}},"272":{"start":{"line":805,"column":8},"end":{"line":805,"column":72}},"273":{"start":{"line":806,"column":39},"end":{"line":807,"column":null}},"274":{"start":{"line":809,"column":8},"end":{"line":821,"column":11}},"275":{"start":{"line":810,"column":10},"end":{"line":820,"column":13}},"276":{"start":{"line":811,"column":29},"end":{"line":811,"column":67}},"277":{"start":{"line":812,"column":26},"end":{"line":812,"column":40}},"278":{"start":{"line":813,"column":12},"end":{"line":819,"column":13}},"279":{"start":{"line":814,"column":14},"end":{"line":818,"column":15}},"280":{"start":{"line":815,"column":16},"end":{"line":815,"column":75}},"281":{"start":{"line":817,"column":16},"end":{"line":817,"column":75}},"282":{"start":{"line":823,"column":32},"end":{"line":824,"column":null}},"283":{"start":{"line":826,"column":8},"end":{"line":836,"column":11}},"284":{"start":{"line":827,"column":27},"end":{"line":827,"column":59}},"285":{"start":{"line":828,"column":24},"end":{"line":828,"column":50}},"286":{"start":{"line":829,"column":10},"end":{"line":835,"column":11}},"287":{"start":{"line":830,"column":12},"end":{"line":834,"column":13}},"288":{"start":{"line":831,"column":14},"end":{"line":831,"column":78}},"289":{"start":{"line":833,"column":14},"end":{"line":833,"column":66}},"290":{"start":{"line":837,"column":8},"end":{"line":874,"column":11}},"291":{"start":{"line":838,"column":33},"end":{"line":839,"column":null}},"292":{"start":{"line":841,"column":10},"end":{"line":847,"column":13}},"293":{"start":{"line":842,"column":29},"end":{"line":842,"column":64}},"294":{"start":{"line":843,"column":26},"end":{"line":843,"column":50}},"295":{"start":{"line":844,"column":12},"end":{"line":846,"column":13}},"296":{"start":{"line":845,"column":14},"end":{"line":845,"column":65}},"297":{"start":{"line":848,"column":10},"end":{"line":859,"column":11}},"298":{"start":{"line":849,"column":37},"end":{"line":850,"column":null}},"299":{"start":{"line":852,"column":12},"end":{"line":858,"column":15}},"300":{"start":{"line":853,"column":31},"end":{"line":853,"column":74}},"301":{"start":{"line":854,"column":28},"end":{"line":854,"column":65}},"302":{"start":{"line":855,"column":14},"end":{"line":857,"column":15}},"303":{"start":{"line":856,"column":16},"end":{"line":856,"column":69}},"304":{"start":{"line":860,"column":10},"end":{"line":873,"column":11}},"305":{"start":{"line":861,"column":12},"end":{"line":872,"column":15}},"306":{"start":{"line":862,"column":42},"end":{"line":863,"column":null}},"307":{"start":{"line":865,"column":14},"end":{"line":871,"column":17}},"308":{"start":{"line":866,"column":33},"end":{"line":866,"column":76}},"309":{"start":{"line":867,"column":30},"end":{"line":867,"column":52}},"310":{"start":{"line":868,"column":16},"end":{"line":870,"column":17}},"311":{"start":{"line":869,"column":18},"end":{"line":869,"column":74}},"312":{"start":{"line":876,"column":8},"end":{"line":924,"column":9}},"313":{"start":{"line":877,"column":38},"end":{"line":878,"column":null}},"314":{"start":{"line":880,"column":10},"end":{"line":886,"column":13}},"315":{"start":{"line":881,"column":29},"end":{"line":881,"column":65}},"316":{"start":{"line":882,"column":26},"end":{"line":882,"column":56}},"317":{"start":{"line":883,"column":12},"end":{"line":885,"column":13}},"318":{"start":{"line":884,"column":14},"end":{"line":884,"column":70}},"319":{"start":{"line":887,"column":39},"end":{"line":888,"column":null}},"320":{"start":{"line":890,"column":10},"end":{"line":896,"column":13}},"321":{"start":{"line":891,"column":29},"end":{"line":891,"column":74}},"322":{"start":{"line":892,"column":26},"end":{"line":892,"column":65}},"323":{"start":{"line":893,"column":12},"end":{"line":895,"column":13}},"324":{"start":{"line":894,"column":14},"end":{"line":894,"column":71}},"325":{"start":{"line":897,"column":10},"end":{"line":908,"column":13}},"326":{"start":{"line":898,"column":32},"end":{"line":899,"column":null}},"327":{"start":{"line":901,"column":12},"end":{"line":907,"column":15}},"328":{"start":{"line":902,"column":31},"end":{"line":902,"column":60}},"329":{"start":{"line":903,"column":28},"end":{"line":903,"column":42}},"330":{"start":{"line":904,"column":14},"end":{"line":906,"column":15}},"331":{"start":{"line":905,"column":16},"end":{"line":905,"column":64}},"332":{"start":{"line":909,"column":33},"end":{"line":910,"column":null}},"333":{"start":{"line":912,"column":10},"end":{"line":923,"column":13}},"334":{"start":{"line":913,"column":34},"end":{"line":914,"column":null}},"335":{"start":{"line":916,"column":12},"end":{"line":922,"column":15}},"336":{"start":{"line":917,"column":31},"end":{"line":917,"column":62}},"337":{"start":{"line":918,"column":28},"end":{"line":918,"column":42}},"338":{"start":{"line":919,"column":14},"end":{"line":921,"column":15}},"339":{"start":{"line":920,"column":16},"end":{"line":920,"column":66}},"340":{"start":{"line":925,"column":35},"end":{"line":926,"column":null}},"341":{"start":{"line":928,"column":8},"end":{"line":962,"column":11}},"342":{"start":{"line":929,"column":34},"end":{"line":930,"column":null}},"343":{"start":{"line":932,"column":10},"end":{"line":940,"column":13}},"344":{"start":{"line":933,"column":29},"end":{"line":933,"column":61}},"345":{"start":{"line":934,"column":26},"end":{"line":934,"column":40}},"346":{"start":{"line":935,"column":12},"end":{"line":939,"column":13}},"347":{"start":{"line":936,"column":14},"end":{"line":938,"column":15}},"348":{"start":{"line":937,"column":16},"end":{"line":937,"column":68}},"349":{"start":{"line":941,"column":10},"end":{"line":949,"column":13}},"350":{"start":{"line":942,"column":42},"end":{"line":943,"column":null}},"351":{"start":{"line":945,"column":12},"end":{"line":948,"column":14}},"352":{"start":{"line":950,"column":10},"end":{"line":961,"column":11}},"353":{"start":{"line":951,"column":34},"end":{"line":952,"column":null}},"354":{"start":{"line":954,"column":12},"end":{"line":960,"column":15}},"355":{"start":{"line":955,"column":31},"end":{"line":955,"column":62}},"356":{"start":{"line":956,"column":28},"end":{"line":956,"column":53}},"357":{"start":{"line":957,"column":14},"end":{"line":959,"column":15}},"358":{"start":{"line":958,"column":16},"end":{"line":958,"column":66}},"359":{"start":{"line":964,"column":27},"end":{"line":964,"column":46}},"360":{"start":{"line":965,"column":30},"end":{"line":965,"column":74}},"361":{"start":{"line":966,"column":36},"end":{"line":967,"column":null}},"362":{"start":{"line":971,"column":10},"end":{"line":971,"column":60}},"363":{"start":{"line":972,"column":8},"end":{"line":974,"column":9}},"364":{"start":{"line":973,"column":10},"end":{"line":973,"column":72}},"365":{"start":{"line":975,"column":8},"end":{"line":975,"column":52}},"366":{"start":{"line":977,"column":8},"end":{"line":981,"column":10}},"367":{"start":{"line":984,"column":6},"end":{"line":988,"column":8}},"368":{"start":{"line":426,"column":0},"end":{"line":426,"column":13}},"369":{"start":{"line":468,"column":15},"end":{"line":468,"column":23}},"370":{"start":{"line":469,"column":4},"end":{"line":469,"column":31}},"371":{"start":{"line":547,"column":21},"end":{"line":547,"column":65}},"372":{"start":{"line":548,"column":21},"end":{"line":548,"column":72}},"373":{"start":{"line":549,"column":24},"end":{"line":549,"column":57}},"374":{"start":{"line":550,"column":16},"end":{"line":550,"column":72}},"375":{"start":{"line":551,"column":28},"end":{"line":588,"column":6}},"376":{"start":{"line":589,"column":25},"end":{"line":589,"column":62}},"377":{"start":{"line":591,"column":4},"end":{"line":610,"column":7}},"378":{"start":{"line":592,"column":19},"end":{"line":592,"column":44}},"379":{"start":{"line":593,"column":6},"end":{"line":609,"column":7}},"380":{"start":{"line":594,"column":28},"end":{"line":594,"column":56}},"381":{"start":{"line":596,"column":31},"end":{"line":596,"column":67}},"382":{"start":{"line":597,"column":27},"end":{"line":599,"column":null}},"383":{"start":{"line":602,"column":8},"end":{"line":605,"column":9}},"384":{"start":{"line":603,"column":31},"end":{"line":603,"column":71}},"385":{"start":{"line":604,"column":10},"end":{"line":604,"column":59}},"386":{"start":{"line":608,"column":8},"end":{"line":608,"column":42}},"387":{"start":{"line":611,"column":19},"end":{"line":611,"column":61}},"388":{"start":{"line":612,"column":4},"end":{"line":612,"column":18}},"389":{"start":{"line":629,"column":4},"end":{"line":655,"column":5}},"390":{"start":{"line":630,"column":33},"end":{"line":630,"column":56}},"391":{"start":{"line":631,"column":19},"end":{"line":645,"column":null}},"392":{"start":{"line":648,"column":19},"end":{"line":648,"column":46}},"393":{"start":{"line":649,"column":6},"end":{"line":649,"column":26}},"394":{"start":{"line":650,"column":6},"end":{"line":650,"column":17}},"395":{"start":{"line":651,"column":24},"end":{"line":651,"column":66}},"396":{"start":{"line":652,"column":6},"end":{"line":652,"column":23}},"397":{"start":{"line":654,"column":6},"end":{"line":654,"column":18}},"398":{"start":{"line":994,"column":2},"end":{"line":994,"column":15}},"399":{"start":{"line":995,"column":2},"end":{"line":995,"column":14}},"400":{"start":{"line":996,"column":2},"end":{"line":996,"column":36}},"401":{"start":{"line":998,"column":4},"end":{"line":998,"column":20}},"402":{"start":{"line":999,"column":4},"end":{"line":999,"column":31}},"403":{"start":{"line":1000,"column":4},"end":{"line":1000,"column":31}},"404":{"start":{"line":1001,"column":4},"end":{"line":1001,"column":null}},"405":{"start":{"line":1073,"column":4},"end":{"line":1084,"column":5}},"406":{"start":{"line":1074,"column":18},"end":{"line":1079,"column":8}},"407":{"start":{"line":1080,"column":24},"end":{"line":1080,"column":68}},"408":{"start":{"line":1081,"column":6},"end":{"line":1081,"column":40}},"409":{"start":{"line":1083,"column":6},"end":{"line":1083,"column":18}},"410":{"start":{"line":1117,"column":22},"end":{"line":1117,"column":52}},"411":{"start":{"line":1119,"column":19},"end":{"line":1119,"column":34}},"412":{"start":{"line":1120,"column":19},"end":{"line":1120,"column":71}},"413":{"start":{"line":1123,"column":22},"end":{"line":1123,"column":39}},"414":{"start":{"line":1124,"column":18},"end":{"line":1124,"column":60}},"415":{"start":{"line":1127,"column":31},"end":{"line":1127,"column":81}},"416":{"start":{"line":1128,"column":4},"end":{"line":1130,"column":5}},"417":{"start":{"line":1129,"column":8},"end":{"line":1129,"column":56}},"418":{"start":{"line":1132,"column":23},"end":{"line":1132,"column":42}},"419":{"start":{"line":1133,"column":4},"end":{"line":1133,"column":48}},"420":{"start":{"line":993,"column":0},"end":{"line":993,"column":13}},"421":{"start":{"line":1005,"column":21},"end":{"line":1005,"column":65}},"422":{"start":{"line":1006,"column":21},"end":{"line":1006,"column":72}},"423":{"start":{"line":1007,"column":24},"end":{"line":1007,"column":57}},"424":{"start":{"line":1008,"column":16},"end":{"line":1008,"column":72}},"425":{"start":{"line":1009,"column":28},"end":{"line":1046,"column":6}},"426":{"start":{"line":1047,"column":25},"end":{"line":1047,"column":62}},"427":{"start":{"line":1049,"column":4},"end":{"line":1068,"column":7}},"428":{"start":{"line":1050,"column":19},"end":{"line":1050,"column":44}},"429":{"start":{"line":1051,"column":6},"end":{"line":1067,"column":7}},"430":{"start":{"line":1052,"column":28},"end":{"line":1052,"column":56}},"431":{"start":{"line":1054,"column":31},"end":{"line":1054,"column":67}},"432":{"start":{"line":1055,"column":27},"end":{"line":1057,"column":null}},"433":{"start":{"line":1060,"column":8},"end":{"line":1063,"column":9}},"434":{"start":{"line":1061,"column":31},"end":{"line":1061,"column":71}},"435":{"start":{"line":1062,"column":10},"end":{"line":1062,"column":59}},"436":{"start":{"line":1066,"column":8},"end":{"line":1066,"column":42}},"437":{"start":{"line":1069,"column":19},"end":{"line":1069,"column":61}},"438":{"start":{"line":1070,"column":4},"end":{"line":1070,"column":18}},"439":{"start":{"line":1087,"column":4},"end":{"line":1113,"column":5}},"440":{"start":{"line":1088,"column":33},"end":{"line":1088,"column":56}},"441":{"start":{"line":1089,"column":19},"end":{"line":1103,"column":null}},"442":{"start":{"line":1106,"column":19},"end":{"line":1106,"column":46}},"443":{"start":{"line":1107,"column":6},"end":{"line":1107,"column":26}},"444":{"start":{"line":1108,"column":6},"end":{"line":1108,"column":17}},"445":{"start":{"line":1109,"column":24},"end":{"line":1109,"column":66}},"446":{"start":{"line":1110,"column":6},"end":{"line":1110,"column":23}},"447":{"start":{"line":1112,"column":6},"end":{"line":1112,"column":18}},"448":{"start":{"line":1142,"column":85},"end":{"line":1142,"column":40306}},"449":{"start":{"line":1142,"column":89},"end":{"line":1142,"column":40295}},"450":{"start":{"line":1142,"column":40421},"end":{"line":1142,"column":40427}},"451":{"start":{"line":1142,"column":40542},"end":{"line":1142,"column":40548}},"452":{"start":{"line":1142,"column":40663},"end":{"line":1142,"column":40669}},"453":{"start":{"line":1142,"column":40788},"end":{"line":1142,"column":40794}},"454":{"start":{"line":1142,"column":40938},"end":{"line":1142,"column":40944}}},"fnMap":{"0":{"name":"(anonymous_10)","decl":{"start":{"line":60,"column":2},"end":{"line":60,"column":null}},"loc":{"start":{"line":60,"column":2},"end":{"line":97,"column":3}}},"1":{"name":"(anonymous_11)","decl":{"start":{"line":98,"column":2},"end":{"line":98,"column":13}},"loc":{"start":{"line":98,"column":31},"end":{"line":115,"column":3}}},"2":{"name":"(anonymous_12)","decl":{"start":{"line":106,"column":13},"end":{"line":106,"column":23}},"loc":{"start":{"line":106,"column":29},"end":{"line":108,"column":9}}},"3":{"name":"(anonymous_13)","decl":{"start":{"line":116,"column":2},"end":{"line":116,"column":10}},"loc":{"start":{"line":119,"column":25},"end":{"line":124,"column":3}}},"4":{"name":"(anonymous_14)","decl":{"start":{"line":125,"column":2},"end":{"line":125,"column":19}},"loc":{"start":{"line":125,"column":84},"end":{"line":128,"column":3}}},"5":{"name":"(anonymous_15)","decl":{"start":{"line":129,"column":2},"end":{"line":129,"column":12}},"loc":{"start":{"line":129,"column":48},"end":{"line":143,"column":3}}},"6":{"name":"(anonymous_16)","decl":{"start":{"line":144,"column":2},"end":{"line":144,"column":13}},"loc":{"start":{"line":144,"column":73},"end":{"line":148,"column":3}}},"7":{"name":"(anonymous_17)","decl":{"start":{"line":149,"column":2},"end":{"line":149,"column":15}},"loc":{"start":{"line":154,"column":19},"end":{"line":161,"column":3}}},"8":{"name":"(anonymous_18)","decl":{"start":{"line":162,"column":2},"end":{"line":162,"column":16}},"loc":{"start":{"line":162,"column":56},"end":{"line":164,"column":3}}},"9":{"name":"(anonymous_19)","decl":{"start":{"line":165,"column":2},"end":{"line":165,"column":12}},"loc":{"start":{"line":165,"column":42},"end":{"line":181,"column":3}}},"10":{"name":"(anonymous_20)","decl":{"start":{"line":182,"column":8},"end":{"line":182,"column":25}},"loc":{"start":{"line":182,"column":55},"end":{"line":229,"column":null}}},"11":{"name":"(anonymous_22)","decl":{"start":{"line":230,"column":2},"end":{"line":230,"column":19}},"loc":{"start":{"line":230,"column":46},"end":{"line":232,"column":3}}},"12":{"name":"(anonymous_23)","decl":{"start":{"line":354,"column":8},"end":{"line":354,"column":18}},"loc":{"start":{"line":354,"column":39},"end":{"line":363,"column":null}}},"13":{"name":"(anonymous_28)","decl":{"start":{"line":329,"column":25},"end":{"line":329,"column":26}},"loc":{"start":{"line":329,"column":39},"end":{"line":348,"column":5}}},"14":{"name":"(anonymous_29)","decl":{"start":{"line":366,"column":2},"end":{"line":366,"column":17}},"loc":{"start":{"line":366,"column":2},"end":{"line":366,"column":18}}},"15":{"name":"(anonymous_30)","decl":{"start":{"line":367,"column":2},"end":{"line":367,"column":17}},"loc":{"start":{"line":367,"column":40},"end":{"line":390,"column":3}}},"16":{"name":"(anonymous_31)","decl":{"start":{"line":391,"column":2},"end":{"line":391,"column":18}},"loc":{"start":{"line":394,"column":26},"end":{"line":424,"column":3}}},"17":{"name":"(anonymous_32)","decl":{"start":{"line":399,"column":44},"end":{"line":399,"column":45}},"loc":{"start":{"line":399,"column":59},"end":{"line":399,"column":80}}},"18":{"name":"(anonymous_33)","decl":{"start":{"line":440,"column":2},"end":{"line":440,"column":14}},"loc":{"start":{"line":440,"column":25},"end":{"line":466,"column":3}}},"19":{"name":"(anonymous_34)","decl":{"start":{"line":471,"column":2},"end":{"line":471,"column":25}},"loc":{"start":{"line":471,"column":41},"end":{"line":473,"column":3}}},"20":{"name":"(anonymous_35)","decl":{"start":{"line":474,"column":2},"end":{"line":474,"column":22}},"loc":{"start":{"line":474,"column":53},"end":{"line":476,"column":3}}},"21":{"name":"(anonymous_36)","decl":{"start":{"line":477,"column":2},"end":{"line":477,"column":23}},"loc":{"start":{"line":477,"column":55},"end":{"line":479,"column":3}}},"22":{"name":"(anonymous_37)","decl":{"start":{"line":480,"column":2},"end":{"line":480,"column":17}},"loc":{"start":{"line":480,"column":43},"end":{"line":482,"column":3}}},"23":{"name":"(anonymous_38)","decl":{"start":{"line":483,"column":2},"end":{"line":483,"column":16}},"loc":{"start":{"line":483,"column":45},"end":{"line":486,"column":3}}},"24":{"name":"(anonymous_39)","decl":{"start":{"line":487,"column":2},"end":{"line":487,"column":28}},"loc":{"start":{"line":487,"column":65},"end":{"line":494,"column":3}}},"25":{"name":"(anonymous_40)","decl":{"start":{"line":495,"column":2},"end":{"line":495,"column":25}},"loc":{"start":{"line":495,"column":59},"end":{"line":504,"column":3}}},"26":{"name":"(anonymous_41)","decl":{"start":{"line":506,"column":2},"end":{"line":506,"column":21}},"loc":{"start":{"line":506,"column":51},"end":{"line":510,"column":3}}},"27":{"name":"(anonymous_42)","decl":{"start":{"line":511,"column":2},"end":{"line":511,"column":30}},"loc":{"start":{"line":511,"column":69},"end":{"line":514,"column":3}}},"28":{"name":"(anonymous_43)","decl":{"start":{"line":515,"column":2},"end":{"line":515,"column":14}},"loc":{"start":{"line":515,"column":37},"end":{"line":518,"column":3}}},"29":{"name":"(anonymous_44)","decl":{"start":{"line":519,"column":2},"end":{"line":519,"column":16}},"loc":{"start":{"line":519,"column":41},"end":{"line":522,"column":3}}},"30":{"name":"(anonymous_45)","decl":{"start":{"line":523,"column":2},"end":{"line":523,"column":17}},"loc":{"start":{"line":523,"column":43},"end":{"line":526,"column":3}}},"31":{"name":"(anonymous_46)","decl":{"start":{"line":527,"column":2},"end":{"line":527,"column":23}},"loc":{"start":{"line":527,"column":55},"end":{"line":537,"column":3}}},"32":{"name":"(anonymous_47)","decl":{"start":{"line":538,"column":2},"end":{"line":538,"column":26}},"loc":{"start":{"line":538,"column":51},"end":{"line":545,"column":3}}},"33":{"name":"(anonymous_48)","decl":{"start":{"line":614,"column":2},"end":{"line":614,"column":12}},"loc":{"start":{"line":614,"column":48},"end":{"line":627,"column":3}}},"34":{"name":"(anonymous_49)","decl":{"start":{"line":657,"column":8},"end":{"line":657,"column":25}},"loc":{"start":{"line":657,"column":65},"end":{"line":990,"column":null}}},"35":{"name":"(anonymous_51)","decl":{"start":{"line":703,"column":45},"end":{"line":703,"column":46}},"loc":{"start":{"line":703,"column":54},"end":{"line":710,"column":13}}},"36":{"name":"(anonymous_52)","decl":{"start":{"line":787,"column":38},"end":{"line":787,"column":39}},"loc":{"start":{"line":787,"column":47},"end":{"line":799,"column":9}}},"37":{"name":"(anonymous_53)","decl":{"start":{"line":788,"column":36},"end":{"line":788,"column":37}},"loc":{"start":{"line":788,"column":44},"end":{"line":798,"column":11}}},"38":{"name":"(anonymous_54)","decl":{"start":{"line":809,"column":39},"end":{"line":809,"column":40}},"loc":{"start":{"line":809,"column":48},"end":{"line":821,"column":9}}},"39":{"name":"(anonymous_55)","decl":{"start":{"line":810,"column":36},"end":{"line":810,"column":37}},"loc":{"start":{"line":810,"column":44},"end":{"line":820,"column":11}}},"40":{"name":"(anonymous_56)","decl":{"start":{"line":826,"column":46},"end":{"line":826,"column":47}},"loc":{"start":{"line":826,"column":54},"end":{"line":836,"column":9}}},"41":{"name":"(anonymous_57)","decl":{"start":{"line":837,"column":42},"end":{"line":837,"column":43}},"loc":{"start":{"line":837,"column":76},"end":{"line":874,"column":9}}},"42":{"name":"(anonymous_58)","decl":{"start":{"line":841,"column":46},"end":{"line":841,"column":47}},"loc":{"start":{"line":841,"column":54},"end":{"line":847,"column":11}}},"43":{"name":"(anonymous_59)","decl":{"start":{"line":852,"column":61},"end":{"line":852,"column":62}},"loc":{"start":{"line":852,"column":69},"end":{"line":858,"column":13}}},"44":{"name":"(anonymous_60)","decl":{"start":{"line":861,"column":45},"end":{"line":861,"column":46}},"loc":{"start":{"line":861,"column":67},"end":{"line":872,"column":13}}},"45":{"name":"(anonymous_61)","decl":{"start":{"line":865,"column":48},"end":{"line":865,"column":49}},"loc":{"start":{"line":865,"column":56},"end":{"line":871,"column":15}}},"46":{"name":"(anonymous_62)","decl":{"start":{"line":880,"column":52},"end":{"line":880,"column":53}},"loc":{"start":{"line":880,"column":60},"end":{"line":886,"column":11}}},"47":{"name":"(anonymous_63)","decl":{"start":{"line":890,"column":61},"end":{"line":890,"column":62}},"loc":{"start":{"line":890,"column":69},"end":{"line":896,"column":11}}},"48":{"name":"(anonymous_64)","decl":{"start":{"line":897,"column":32},"end":{"line":897,"column":33}},"loc":{"start":{"line":897,"column":41},"end":{"line":908,"column":11}}},"49":{"name":"(anonymous_65)","decl":{"start":{"line":901,"column":38},"end":{"line":901,"column":39}},"loc":{"start":{"line":901,"column":46},"end":{"line":907,"column":13}}},"50":{"name":"(anonymous_66)","decl":{"start":{"line":912,"column":34},"end":{"line":912,"column":35}},"loc":{"start":{"line":912,"column":43},"end":{"line":923,"column":11}}},"51":{"name":"(anonymous_67)","decl":{"start":{"line":916,"column":38},"end":{"line":916,"column":39}},"loc":{"start":{"line":916,"column":46},"end":{"line":922,"column":13}}},"52":{"name":"(anonymous_68)","decl":{"start":{"line":928,"column":33},"end":{"line":928,"column":34}},"loc":{"start":{"line":928,"column":42},"end":{"line":962,"column":9}}},"53":{"name":"(anonymous_69)","decl":{"start":{"line":932,"column":36},"end":{"line":932,"column":37}},"loc":{"start":{"line":932,"column":44},"end":{"line":940,"column":11}}},"54":{"name":"(anonymous_70)","decl":{"start":{"line":941,"column":41},"end":{"line":941,"column":42}},"loc":{"start":{"line":941,"column":48},"end":{"line":949,"column":11}}},"55":{"name":"(anonymous_71)","decl":{"start":{"line":954,"column":48},"end":{"line":954,"column":49}},"loc":{"start":{"line":954,"column":56},"end":{"line":960,"column":13}}},"56":{"name":"_CartaPorte_resolveInclusions","decl":{"start":{"line":470,"column":3},"end":{"line":470,"column":null}},"loc":{"start":{"line":470,"column":3},"end":{"line":613,"column":3}}},"57":{"name":"(anonymous_74)","decl":{"start":{"line":591,"column":25},"end":{"line":591,"column":26}},"loc":{"start":{"line":591,"column":39},"end":{"line":610,"column":5}}},"58":{"name":"(anonymous_77)","decl":{"start":{"line":997,"column":2},"end":{"line":997,"column":14}},"loc":{"start":{"line":997,"column":58},"end":{"line":1002,"column":3}}},"59":{"name":"(anonymous_78)","decl":{"start":{"line":1072,"column":2},"end":{"line":1072,"column":12}},"loc":{"start":{"line":1072,"column":48},"end":{"line":1085,"column":3}}},"60":{"name":"(anonymous_79)","decl":{"start":{"line":1116,"column":8},"end":{"line":1116,"column":25}},"loc":{"start":{"line":1116,"column":25},"end":{"line":1134,"column":null}}},"61":{"name":"(anonymous_82)","decl":{"start":{"line":1049,"column":25},"end":{"line":1049,"column":26}},"loc":{"start":{"line":1049,"column":39},"end":{"line":1068,"column":5}}},"62":{"name":"oo_cm","decl":{"start":{"line":1142,"column":77},"end":{"line":1142,"column":82}},"loc":{"start":{"line":1142,"column":82},"end":{"line":1142,"column":40307}}}},"branchMap":{"0":{"loc":{"start":{"line":184,"column":6},"end":{"line":225,"column":7}},"type":"if","locations":[{"start":{"line":184,"column":6},"end":{"line":225,"column":7}},{"start":{"line":223,"column":13},"end":{"line":225,"column":7}}]},"1":{"loc":{"start":{"line":201,"column":8},"end":{"line":220,"column":9}},"type":"if","locations":[{"start":{"line":201,"column":8},"end":{"line":220,"column":9}}]},"2":{"loc":{"start":{"line":215,"column":10},"end":{"line":217,"column":11}},"type":"if","locations":[{"start":{"line":215,"column":10},"end":{"line":217,"column":11}}]},"3":{"loc":{"start":{"line":331,"column":6},"end":{"line":347,"column":7}},"type":"if","locations":[{"start":{"line":331,"column":6},"end":{"line":347,"column":7}}]},"4":{"loc":{"start":{"line":374,"column":6},"end":{"line":386,"column":7}},"type":"if","locations":[{"start":{"line":374,"column":6},"end":{"line":386,"column":7}},{"start":{"line":380,"column":13},"end":{"line":386,"column":7}}]},"5":{"loc":{"start":{"line":398,"column":6},"end":{"line":417,"column":7}},"type":"if","locations":[{"start":{"line":398,"column":6},"end":{"line":417,"column":7}},{"start":{"line":412,"column":13},"end":{"line":417,"column":7}}]},"6":{"loc":{"start":{"line":400,"column":8},"end":{"line":411,"column":9}},"type":"if","locations":[{"start":{"line":400,"column":8},"end":{"line":411,"column":9}},{"start":{"line":405,"column":15},"end":{"line":411,"column":9}}]},"7":{"loc":{"start":{"line":489,"column":4},"end":{"line":492,"column":5}},"type":"if","locations":[{"start":{"line":489,"column":4},"end":{"line":492,"column":5}}]},"8":{"loc":{"start":{"line":497,"column":4},"end":{"line":503,"column":5}},"type":"if","locations":[{"start":{"line":497,"column":4},"end":{"line":503,"column":5}}]},"9":{"loc":{"start":{"line":499,"column":6},"end":{"line":501,"column":7}},"type":"if","locations":[{"start":{"line":499,"column":6},"end":{"line":501,"column":7}}]},"10":{"loc":{"start":{"line":502,"column":6},"end":{"line":502,"column":52}},"type":"cond-expr","locations":[{"start":{"line":502,"column":33},"end":{"line":502,"column":35}},{"start":{"line":502,"column":33},"end":{"line":502,"column":52}}]},"11":{"loc":{"start":{"line":502,"column":6},"end":{"line":502,"column":35}},"type":"binary-expr","locations":[{"start":{"line":502,"column":6},"end":{"line":502,"column":35}},{"start":{"line":502,"column":33},"end":{"line":502,"column":35}}]},"12":{"loc":{"start":{"line":529,"column":4},"end":{"line":535,"column":5}},"type":"if","locations":[{"start":{"line":529,"column":4},"end":{"line":535,"column":5}}]},"13":{"loc":{"start":{"line":531,"column":6},"end":{"line":533,"column":7}},"type":"if","locations":[{"start":{"line":531,"column":6},"end":{"line":533,"column":7}}]},"14":{"loc":{"start":{"line":534,"column":6},"end":{"line":534,"column":50}},"type":"cond-expr","locations":[{"start":{"line":534,"column":31},"end":{"line":534,"column":33}},{"start":{"line":534,"column":31},"end":{"line":534,"column":50}}]},"15":{"loc":{"start":{"line":534,"column":6},"end":{"line":534,"column":33}},"type":"binary-expr","locations":[{"start":{"line":534,"column":6},"end":{"line":534,"column":33}},{"start":{"line":534,"column":31},"end":{"line":534,"column":33}}]},"16":{"loc":{"start":{"line":540,"column":4},"end":{"line":543,"column":5}},"type":"if","locations":[{"start":{"line":540,"column":4},"end":{"line":543,"column":5}}]},"17":{"loc":{"start":{"line":658,"column":4},"end":{"line":989,"column":5}},"type":"if","locations":[{"start":{"line":658,"column":4},"end":{"line":989,"column":5}},{"start":{"line":983,"column":11},"end":{"line":989,"column":5}}]},"18":{"loc":{"start":{"line":665,"column":6},"end":{"line":982,"column":7}},"type":"if","locations":[{"start":{"line":665,"column":6},"end":{"line":982,"column":7}},{"start":{"line":976,"column":13},"end":{"line":982,"column":7}}]},"19":{"loc":{"start":{"line":685,"column":8},"end":{"line":689,"column":12}},"type":"if","locations":[{"start":{"line":685,"column":8},"end":{"line":689,"column":12}}]},"20":{"loc":{"start":{"line":685,"column":12},"end":{"line":685,"column":77}},"type":"binary-expr","locations":[{"start":{"line":685,"column":12},"end":{"line":685,"column":39}},{"start":{"line":685,"column":43},"end":{"line":685,"column":77}}]},"21":{"loc":{"start":{"line":691,"column":8},"end":{"line":712,"column":9}},"type":"if","locations":[{"start":{"line":691,"column":8},"end":{"line":712,"column":9}}]},"22":{"loc":{"start":{"line":692,"column":10},"end":{"line":693,"column":55}},"type":"binary-expr","locations":[{"start":{"line":692,"column":10},"end":{"line":692,"column":39}},{"start":{"line":693,"column":10},"end":{"line":693,"column":55}}]},"23":{"loc":{"start":{"line":697,"column":12},"end":{"line":697,"column":50}},"type":"cond-expr","locations":[{"start":{"line":697,"column":39},"end":{"line":697,"column":43}},{"start":{"line":697,"column":46},"end":{"line":697,"column":50}}]},"24":{"loc":{"start":{"line":699,"column":10},"end":{"line":711,"column":11}},"type":"if","locations":[{"start":{"line":699,"column":10},"end":{"line":711,"column":11}}]},"25":{"loc":{"start":{"line":704,"column":14},"end":{"line":709,"column":15}},"type":"if","locations":[{"start":{"line":704,"column":14},"end":{"line":709,"column":15}}]},"26":{"loc":{"start":{"line":714,"column":8},"end":{"line":721,"column":12}},"type":"if","locations":[{"start":{"line":714,"column":8},"end":{"line":721,"column":12}}]},"27":{"loc":{"start":{"line":715,"column":10},"end":{"line":716,"column":51}},"type":"binary-expr","locations":[{"start":{"line":715,"column":10},"end":{"line":715,"column":37}},{"start":{"line":716,"column":10},"end":{"line":716,"column":51}}]},"28":{"loc":{"start":{"line":723,"column":8},"end":{"line":727,"column":12}},"type":"if","locations":[{"start":{"line":723,"column":8},"end":{"line":727,"column":12}}]},"29":{"loc":{"start":{"line":723,"column":12},"end":{"line":723,"column":75}},"type":"binary-expr","locations":[{"start":{"line":723,"column":12},"end":{"line":723,"column":38}},{"start":{"line":723,"column":42},"end":{"line":723,"column":75}}]},"30":{"loc":{"start":{"line":729,"column":8},"end":{"line":733,"column":12}},"type":"if","locations":[{"start":{"line":729,"column":8},"end":{"line":733,"column":12}}]},"31":{"loc":{"start":{"line":729,"column":12},"end":{"line":729,"column":67}},"type":"binary-expr","locations":[{"start":{"line":729,"column":12},"end":{"line":729,"column":34}},{"start":{"line":729,"column":38},"end":{"line":729,"column":67}}]},"32":{"loc":{"start":{"line":735,"column":8},"end":{"line":763,"column":9}},"type":"if","locations":[{"start":{"line":735,"column":8},"end":{"line":763,"column":9}}]},"33":{"loc":{"start":{"line":736,"column":10},"end":{"line":737,"column":54}},"type":"binary-expr","locations":[{"start":{"line":736,"column":10},"end":{"line":736,"column":38}},{"start":{"line":737,"column":10},"end":{"line":737,"column":54}}]},"34":{"loc":{"start":{"line":741,"column":12},"end":{"line":741,"column":49}},"type":"cond-expr","locations":[{"start":{"line":741,"column":38},"end":{"line":741,"column":42}},{"start":{"line":741,"column":45},"end":{"line":741,"column":49}}]},"35":{"loc":{"start":{"line":743,"column":10},"end":{"line":762,"column":11}},"type":"if","locations":[{"start":{"line":743,"column":10},"end":{"line":762,"column":11}}]},"36":{"loc":{"start":{"line":745,"column":12},"end":{"line":752,"column":16}},"type":"if","locations":[{"start":{"line":745,"column":12},"end":{"line":752,"column":16}}]},"37":{"loc":{"start":{"line":746,"column":14},"end":{"line":747,"column":50}},"type":"binary-expr","locations":[{"start":{"line":746,"column":14},"end":{"line":746,"column":43}},{"start":{"line":747,"column":14},"end":{"line":747,"column":50}}]},"38":{"loc":{"start":{"line":754,"column":12},"end":{"line":761,"column":16}},"type":"if","locations":[{"start":{"line":754,"column":12},"end":{"line":761,"column":16}}]},"39":{"loc":{"start":{"line":755,"column":14},"end":{"line":756,"column":51}},"type":"binary-expr","locations":[{"start":{"line":755,"column":14},"end":{"line":755,"column":44}},{"start":{"line":756,"column":14},"end":{"line":756,"column":51}}]},"40":{"loc":{"start":{"line":791,"column":12},"end":{"line":797,"column":13}},"type":"if","locations":[{"start":{"line":791,"column":12},"end":{"line":797,"column":13}}]},"41":{"loc":{"start":{"line":792,"column":14},"end":{"line":796,"column":15}},"type":"if","locations":[{"start":{"line":792,"column":14},"end":{"line":796,"column":15}},{"start":{"line":794,"column":21},"end":{"line":796,"column":15}}]},"42":{"loc":{"start":{"line":813,"column":12},"end":{"line":819,"column":13}},"type":"if","locations":[{"start":{"line":813,"column":12},"end":{"line":819,"column":13}}]},"43":{"loc":{"start":{"line":814,"column":14},"end":{"line":818,"column":15}},"type":"if","locations":[{"start":{"line":814,"column":14},"end":{"line":818,"column":15}},{"start":{"line":816,"column":21},"end":{"line":818,"column":15}}]},"44":{"loc":{"start":{"line":829,"column":10},"end":{"line":835,"column":11}},"type":"if","locations":[{"start":{"line":829,"column":10},"end":{"line":835,"column":11}}]},"45":{"loc":{"start":{"line":830,"column":12},"end":{"line":834,"column":13}},"type":"if","locations":[{"start":{"line":830,"column":12},"end":{"line":834,"column":13}},{"start":{"line":832,"column":19},"end":{"line":834,"column":13}}]},"46":{"loc":{"start":{"line":831,"column":48},"end":{"line":831,"column":76}},"type":"cond-expr","locations":[{"start":{"line":831,"column":65},"end":{"line":831,"column":69}},{"start":{"line":831,"column":72},"end":{"line":831,"column":76}}]},"47":{"loc":{"start":{"line":844,"column":12},"end":{"line":846,"column":13}},"type":"if","locations":[{"start":{"line":844,"column":12},"end":{"line":846,"column":13}}]},"48":{"loc":{"start":{"line":848,"column":10},"end":{"line":859,"column":11}},"type":"if","locations":[{"start":{"line":848,"column":10},"end":{"line":859,"column":11}}]},"49":{"loc":{"start":{"line":855,"column":14},"end":{"line":857,"column":15}},"type":"if","locations":[{"start":{"line":855,"column":14},"end":{"line":857,"column":15}}]},"50":{"loc":{"start":{"line":860,"column":10},"end":{"line":873,"column":11}},"type":"if","locations":[{"start":{"line":860,"column":10},"end":{"line":873,"column":11}}]},"51":{"loc":{"start":{"line":861,"column":12},"end":{"line":872,"column":14}},"type":"cond-expr","locations":[{"start":{"line":861,"column":35},"end":{"line":861,"column":37}},{"start":{"line":861,"column":35},"end":{"line":872,"column":14}}]},"52":{"loc":{"start":{"line":861,"column":12},"end":{"line":861,"column":37}},"type":"binary-expr","locations":[{"start":{"line":861,"column":12},"end":{"line":861,"column":37}},{"start":{"line":861,"column":35},"end":{"line":861,"column":37}}]},"53":{"loc":{"start":{"line":868,"column":16},"end":{"line":870,"column":17}},"type":"if","locations":[{"start":{"line":868,"column":16},"end":{"line":870,"column":17}}]},"54":{"loc":{"start":{"line":876,"column":8},"end":{"line":924,"column":9}},"type":"if","locations":[{"start":{"line":876,"column":8},"end":{"line":924,"column":9}}]},"55":{"loc":{"start":{"line":883,"column":12},"end":{"line":885,"column":13}},"type":"if","locations":[{"start":{"line":883,"column":12},"end":{"line":885,"column":13}}]},"56":{"loc":{"start":{"line":893,"column":12},"end":{"line":895,"column":13}},"type":"if","locations":[{"start":{"line":893,"column":12},"end":{"line":895,"column":13}}]},"57":{"loc":{"start":{"line":904,"column":14},"end":{"line":906,"column":15}},"type":"if","locations":[{"start":{"line":904,"column":14},"end":{"line":906,"column":15}}]},"58":{"loc":{"start":{"line":919,"column":14},"end":{"line":921,"column":15}},"type":"if","locations":[{"start":{"line":919,"column":14},"end":{"line":921,"column":15}}]},"59":{"loc":{"start":{"line":935,"column":12},"end":{"line":939,"column":13}},"type":"if","locations":[{"start":{"line":935,"column":12},"end":{"line":939,"column":13}}]},"60":{"loc":{"start":{"line":936,"column":14},"end":{"line":938,"column":15}},"type":"if","locations":[{"start":{"line":936,"column":14},"end":{"line":938,"column":15}}]},"61":{"loc":{"start":{"line":936,"column":18},"end":{"line":936,"column":67}},"type":"binary-expr","locations":[{"start":{"line":936,"column":18},"end":{"line":936,"column":37}},{"start":{"line":936,"column":41},"end":{"line":936,"column":67}}]},"62":{"loc":{"start":{"line":941,"column":10},"end":{"line":949,"column":12}},"type":"cond-expr","locations":[{"start":{"line":941,"column":31},"end":{"line":941,"column":33}},{"start":{"line":941,"column":31},"end":{"line":949,"column":12}}]},"63":{"loc":{"start":{"line":941,"column":10},"end":{"line":941,"column":33}},"type":"binary-expr","locations":[{"start":{"line":941,"column":10},"end":{"line":941,"column":33}},{"start":{"line":941,"column":31},"end":{"line":941,"column":33}}]},"64":{"loc":{"start":{"line":950,"column":10},"end":{"line":961,"column":11}},"type":"if","locations":[{"start":{"line":950,"column":10},"end":{"line":961,"column":11}}]},"65":{"loc":{"start":{"line":957,"column":14},"end":{"line":959,"column":15}},"type":"if","locations":[{"start":{"line":957,"column":14},"end":{"line":959,"column":15}}]},"66":{"loc":{"start":{"line":972,"column":8},"end":{"line":974,"column":9}},"type":"if","locations":[{"start":{"line":972,"column":8},"end":{"line":974,"column":9}}]},"67":{"loc":{"start":{"line":593,"column":6},"end":{"line":609,"column":7}},"type":"if","locations":[{"start":{"line":593,"column":6},"end":{"line":609,"column":7}}]},"68":{"loc":{"start":{"line":1128,"column":4},"end":{"line":1130,"column":5}},"type":"if","locations":[{"start":{"line":1128,"column":4},"end":{"line":1130,"column":5}}]},"69":{"loc":{"start":{"line":1051,"column":6},"end":{"line":1067,"column":7}},"type":"if","locations":[{"start":{"line":1051,"column":6},"end":{"line":1067,"column":7}}]},"70":{"loc":{"start":{"line":1142,"column":96},"end":{"line":1142,"column":40294}},"type":"binary-expr","locations":[{"start":{"line":1142,"column":96},"end":{"line":1142,"column":133}},{"start":{"line":1142,"column":137},"end":{"line":1142,"column":40294}}]}},"s":{"0":1,"1":1,"2":1,"3":1,"4":1,"5":1,"6":1,"7":1,"8":1,"9":1,"10":1,"11":1,"12":1,"13":1,"14":1,"15":1,"16":1,"17":1,"18":1,"19":1,"20":1,"21":1,"22":1,"23":1,"24":1,"25":1,"26":1,"27":1,"28":1,"29":1,"30":1,"31":1,"32":1,"33":20,"34":1,"35":1,"36":0,"37":0,"38":0,"39":0,"40":0,"41":0,"42":1,"43":1,"44":1,"45":1,"46":0,"47":1,"48":1,"49":1,"50":1,"51":1,"52":1,"53":1,"54":1,"55":1,"56":0,"57":0,"58":0,"59":1,"60":1,"61":1,"62":1,"63":1,"64":1,"65":1,"66":1,"67":1,"68":1,"69":1,"70":1,"71":1,"72":1,"73":1,"74":1,"75":1,"76":1,"77":0,"78":0,"79":4,"80":0,"81":0,"82":0,"83":0,"84":0,"85":1,"86":1,"87":1,"88":1,"89":1,"90":1,"91":1,"92":1,"93":1,"94":1,"95":1,"96":1,"97":1,"98":1,"99":1,"100":1,"101":1,"102":1,"103":1,"104":1,"105":1,"106":1,"107":1,"108":0,"109":0,"110":1,"111":1,"112":1,"113":1,"114":1,"115":1,"116":1,"117":1,"118":1,"119":1,"120":32,"121":32,"122":32,"123":32,"124":32,"125":32,"126":712,"127":712,"128":32,"129":1,"130":1,"131":1,"132":1,"133":0,"134":0,"135":0,"136":0,"137":0,"138":0,"139":0,"140":0,"141":0,"142":0,"143":0,"144":0,"145":0,"146":0,"147":0,"148":0,"149":0,"150":0,"151":1,"152":0,"153":0,"154":0,"155":0,"156":0,"157":0,"158":0,"159":0,"160":0,"161":0,"162":0,"163":0,"164":0,"165":0,"166":0,"167":0,"168":0,"169":0,"170":0,"171":0,"172":0,"173":0,"174":0,"175":0,"176":0,"177":0,"178":0,"179":0,"180":0,"181":0,"182":0,"183":0,"184":0,"185":0,"186":0,"187":0,"188":0,"189":0,"190":0,"191":0,"192":0,"193":0,"194":0,"195":0,"196":0,"197":0,"198":0,"199":0,"200":0,"201":0,"202":0,"203":0,"204":0,"205":0,"206":0,"207":0,"208":0,"209":0,"210":0,"211":0,"212":0,"213":0,"214":0,"215":0,"216":0,"217":0,"218":0,"219":0,"220":0,"221":0,"222":0,"223":0,"224":0,"225":0,"226":0,"227":0,"228":0,"229":0,"230":0,"231":0,"232":0,"233":0,"234":0,"235":0,"236":0,"237":0,"238":0,"239":0,"240":0,"241":0,"242":0,"243":0,"244":0,"245":0,"246":0,"247":0,"248":0,"249":0,"250":0,"251":0,"252":0,"253":0,"254":0,"255":0,"256":0,"257":0,"258":0,"259":0,"260":0,"261":0,"262":0,"263":0,"264":0,"265":0,"266":0,"267":0,"268":0,"269":0,"270":0,"271":0,"272":0,"273":0,"274":0,"275":0,"276":0,"277":0,"278":0,"279":0,"280":0,"281":0,"282":0,"283":0,"284":0,"285":0,"286":0,"287":0,"288":0,"289":0,"290":0,"291":0,"292":0,"293":0,"294":0,"295":0,"296":0,"297":0,"298":0,"299":0,"300":0,"301":0,"302":0,"303":0,"304":0,"305":0,"306":0,"307":0,"308":0,"309":0,"310":0,"311":0,"312":0,"313":0,"314":0,"315":0,"316":0,"317":0,"318":0,"319":0,"320":0,"321":0,"322":0,"323":0,"324":0,"325":0,"326":0,"327":0,"328":0,"329":0,"330":0,"331":0,"332":0,"333":0,"334":0,"335":0,"336":0,"337":0,"338":0,"339":0,"340":0,"341":0,"342":0,"343":0,"344":0,"345":0,"346":0,"347":0,"348":0,"349":0,"350":0,"351":0,"352":0,"353":0,"354":0,"355":0,"356":0,"357":0,"358":0,"359":0,"360":0,"361":0,"362":0,"363":0,"364":0,"365":0,"366":0,"367":0,"368":1,"369":0,"370":0,"371":0,"372":0,"373":0,"374":0,"375":0,"376":0,"377":0,"378":0,"379":0,"380":0,"381":0,"382":0,"383":0,"384":0,"385":0,"386":0,"387":0,"388":0,"389":0,"390":0,"391":0,"392":0,"393":0,"394":0,"395":0,"396":0,"397":0,"398":0,"399":0,"400":0,"401":0,"402":0,"403":0,"404":0,"405":0,"406":0,"407":0,"408":0,"409":0,"410":0,"411":0,"412":0,"413":0,"414":0,"415":0,"416":0,"417":0,"418":0,"419":0,"420":1,"421":0,"422":0,"423":0,"424":0,"425":0,"426":0,"427":0,"428":0,"429":0,"430":0,"431":0,"432":0,"433":0,"434":0,"435":0,"436":0,"437":0,"438":0,"439":0,"440":0,"441":0,"442":0,"443":0,"444":0,"445":0,"446":0,"447":0,"448":20,"449":20,"450":1,"451":1,"452":1,"453":1,"454":1},"f":{"0":1,"1":1,"2":20,"3":0,"4":0,"5":1,"6":1,"7":1,"8":1,"9":0,"10":1,"11":4,"12":0,"13":32,"14":0,"15":0,"16":0,"17":0,"18":0,"19":0,"20":0,"21":0,"22":0,"23":0,"24":0,"25":0,"26":0,"27":0,"28":0,"29":0,"30":0,"31":0,"32":0,"33":0,"34":0,"35":0,"36":0,"37":0,"38":0,"39":0,"40":0,"41":0,"42":0,"43":0,"44":0,"45":0,"46":0,"47":0,"48":0,"49":0,"50":0,"51":0,"52":0,"53":0,"54":0,"55":0,"56":0,"57":0,"58":0,"59":0,"60":0,"61":0,"62":20},"b":{"0":[1,0],"1":[1],"2":[1],"3":[32],"4":[0,0],"5":[0,0],"6":[0,0],"7":[0],"8":[0],"9":[0],"10":[0,0],"11":[0,0],"12":[0],"13":[0],"14":[0,0],"15":[0,0],"16":[0],"17":[0,0],"18":[0,0],"19":[0],"20":[0,0],"21":[0],"22":[0,0],"23":[0,0],"24":[0],"25":[0],"26":[0],"27":[0,0],"28":[0],"29":[0,0],"30":[0],"31":[0,0],"32":[0],"33":[0,0],"34":[0,0],"35":[0],"36":[0],"37":[0,0],"38":[0],"39":[0,0],"40":[0],"41":[0,0],"42":[0],"43":[0,0],"44":[0],"45":[0,0],"46":[0,0],"47":[0],"48":[0],"49":[0],"50":[0],"51":[0,0],"52":[0,0],"53":[0],"54":[0],"55":[0],"56":[0],"57":[0],"58":[0],"59":[0],"60":[0],"61":[0,0],"62":[0,0],"63":[0,0],"64":[0],"65":[0],"66":[0],"67":[0],"68":[0],"69":[0],"70":[20,1]}}
,"/Users/rodrigoruiz/Documents/personal/cfdi-xml/src/clases/PDF.ts": {"path":"/Users/rodrigoruiz/Documents/personal/cfdi-xml/src/clases/PDF.ts","statementMap":{"0":{"start":{"line":7,"column":0},"end":{"line":7,"column":20}},"1":{"start":{"line":8,"column":0},"end":{"line":8,"column":24}},"2":{"start":{"line":9,"column":0},"end":{"line":9,"column":58}},"3":{"start":{"line":10,"column":0},"end":{"line":10,"column":34}},"4":{"start":{"line":11,"column":0},"end":{"line":11,"column":43}},"5":{"start":{"line":12,"column":0},"end":{"line":12,"column":31}},"6":{"start":{"line":13,"column":0},"end":{"line":13,"column":51}},"7":{"start":{"line":14,"column":0},"end":{"line":14,"column":28}},"8":{"start":{"line":15,"column":0},"end":{"line":15,"column":null}},"9":{"start":{"line":34,"column":4},"end":{"line":34,"column":26}},"10":{"start":{"line":35,"column":4},"end":{"line":35,"column":48}},"11":{"start":{"line":36,"column":4},"end":{"line":36,"column":28}},"12":{"start":{"line":37,"column":4},"end":{"line":37,"column":46}},"13":{"start":{"line":38,"column":4},"end":{"line":38,"column":28}},"14":{"start":{"line":41,"column":4},"end":{"line":55,"column":5}},"15":{"start":{"line":42,"column":23},"end":{"line":42,"column":78}},"16":{"start":{"line":43,"column":21},"end":{"line":43,"column":60}},"17":{"start":{"line":44,"column":6},"end":{"line":51,"column":7}},"18":{"start":{"line":45,"column":8},"end":{"line":49,"column":9}},"19":{"start":{"line":46,"column":10},"end":{"line":48,"column":12}},"20":{"start":{"line":50,"column":8},"end":{"line":50,"column":29}},"21":{"start":{"line":52,"column":6},"end":{"line":52,"column":48}},"22":{"start":{"line":54,"column":6},"end":{"line":54,"column":18}},"23":{"start":{"line":58,"column":16},"end":{"line":58,"column":64}},"24":{"start":{"line":59,"column":18},"end":{"line":59,"column":51}},"25":{"start":{"line":60,"column":4},"end":{"line":62,"column":5}},"26":{"start":{"line":61,"column":6},"end":{"line":61,"column":76}},"27":{"start":{"line":63,"column":4},"end":{"line":63,"column":16}},"28":{"start":{"line":66,"column":28},"end":{"line":66,"column":30}},"29":{"start":{"line":68,"column":4},"end":{"line":84,"column":5}},"30":{"start":{"line":69,"column":22},"end":{"line":69,"column":37}},"31":{"start":{"line":70,"column":6},"end":{"line":78,"column":7}},"32":{"start":{"line":71,"column":8},"end":{"line":71,"column":32}},"33":{"start":{"line":72,"column":8},"end":{"line":77,"column":9}},"34":{"start":{"line":72,"column":21},"end":{"line":72,"column":22}},"35":{"start":{"line":73,"column":28},"end":{"line":73,"column":54}},"36":{"start":{"line":74,"column":10},"end":{"line":76,"column":11}},"37":{"start":{"line":75,"column":12},"end":{"line":75,"column":73}},"38":{"start":{"line":79,"column":11},"end":{"line":84,"column":5}},"39":{"start":{"line":80,"column":20},"end":{"line":80,"column":42}},"40":{"start":{"line":81,"column":6},"end":{"line":83,"column":7}},"41":{"start":{"line":82,"column":8},"end":{"line":82,"column":21}},"42":{"start":{"line":87,"column":4},"end":{"line":104,"column":5}},"43":{"start":{"line":88,"column":6},"end":{"line":103,"column":7}},"44":{"start":{"line":88,"column":19},"end":{"line":88,"column":20}},"45":{"start":{"line":89,"column":22},"end":{"line":89,"column":45}},"46":{"start":{"line":90,"column":8},"end":{"line":102,"column":9}},"47":{"start":{"line":91,"column":27},"end":{"line":91,"column":41}},"48":{"start":{"line":92,"column":10},"end":{"line":101,"column":11}},"49":{"start":{"line":93,"column":12},"end":{"line":93,"column":51}},"50":{"start":{"line":95,"column":12},"end":{"line":99,"column":13}},"51":{"start":{"line":96,"column":26},"end":{"line":96,"column":39}},"52":{"start":{"line":97,"column":14},"end":{"line":97,"column":33}},"53":{"start":{"line":98,"column":14},"end":{"line":98,"column":38}},"54":{"start":{"line":100,"column":12},"end":{"line":100,"column":55}},"55":{"start":{"line":105,"column":4},"end":{"line":105,"column":15}},"56":{"start":{"line":108,"column":4},"end":{"line":361,"column":5}},"57":{"start":{"line":109,"column":26},"end":{"line":109,"column":53}},"58":{"start":{"line":110,"column":48},"end":{"line":110,"column":79}},"59":{"start":{"line":111,"column":6},"end":{"line":113,"column":7}},"60":{"start":{"line":112,"column":8},"end":{"line":112,"column":53}},"61":{"start":{"line":115,"column":26},"end":{"line":115,"column":51}},"62":{"start":{"line":116,"column":21},"end":{"line":116,"column":62}},"63":{"start":{"line":117,"column":23},"end":{"line":117,"column":66}},"64":{"start":{"line":118,"column":27},"end":{"line":118,"column":73}},"65":{"start":{"line":119,"column":22},"end":{"line":119,"column":45}},"66":{"start":{"line":120,"column":24},"end":{"line":120,"column":75}},"67":{"start":{"line":122,"column":8},"end":{"line":123,"column":null}},"68":{"start":{"line":126,"column":8},"end":{"line":126,"column":43}},"69":{"start":{"line":127,"column":51},"end":{"line":129,"column":12}},"70":{"start":{"line":130,"column":35},"end":{"line":130,"column":36}},"71":{"start":{"line":131,"column":6},"end":{"line":136,"column":7}},"72":{"start":{"line":132,"column":8},"end":{"line":135,"column":11}},"73":{"start":{"line":133,"column":29},"end":{"line":133,"column":68}},"74":{"start":{"line":134,"column":10},"end":{"line":134,"column":59}},"75":{"start":{"line":137,"column":28},"end":{"line":137,"column":64}},"76":{"start":{"line":138,"column":29},"end":{"line":138,"column":31}},"77":{"start":{"line":139,"column":6},"end":{"line":145,"column":7}},"78":{"start":{"line":140,"column":27},"end":{"line":141,"column":null}},"79":{"start":{"line":143,"column":22},"end":{"line":143,"column":69}},"80":{"start":{"line":144,"column":8},"end":{"line":144,"column":201}},"81":{"start":{"line":146,"column":22},"end":{"line":146,"column":46}},"82":{"start":{"line":147,"column":19},"end":{"line":147,"column":42}},"83":{"start":{"line":148,"column":25},"end":{"line":148,"column":27}},"84":{"start":{"line":149,"column":31},"end":{"line":149,"column":34}},"85":{"start":{"line":150,"column":30},"end":{"line":150,"column":33}},"86":{"start":{"line":151,"column":24},"end":{"line":151,"column":43}},"87":{"start":{"line":152,"column":28},"end":{"line":152,"column":31}},"88":{"start":{"line":153,"column":29},"end":{"line":153,"column":48}},"89":{"start":{"line":155,"column":29},"end":{"line":155,"column":41}},"90":{"start":{"line":156,"column":30},"end":{"line":156,"column":61}},"91":{"start":{"line":157,"column":31},"end":{"line":158,"column":null}},"92":{"start":{"line":160,"column":30},"end":{"line":160,"column":71}},"93":{"start":{"line":161,"column":24},"end":{"line":161,"column":63}},"94":{"start":{"line":162,"column":25},"end":{"line":162,"column":66}},"95":{"start":{"line":163,"column":6},"end":{"line":341,"column":7}},"96":{"start":{"line":164,"column":30},"end":{"line":164,"column":32}},"97":{"start":{"line":165,"column":28},"end":{"line":165,"column":29}},"98":{"start":{"line":168,"column":8},"end":{"line":202,"column":9}},"99":{"start":{"line":169,"column":23},"end":{"line":169,"column":42}},"100":{"start":{"line":170,"column":27},"end":{"line":170,"column":46}},"101":{"start":{"line":171,"column":10},"end":{"line":184,"column":11}},"102":{"start":{"line":172,"column":12},"end":{"line":177,"column":13}},"103":{"start":{"line":174,"column":16},"end":{"line":174,"column":73}},"104":{"start":{"line":175,"column":36},"end":{"line":175,"column":56}},"105":{"start":{"line":176,"column":14},"end":{"line":176,"column":66}},"106":{"start":{"line":178,"column":12},"end":{"line":183,"column":13}},"107":{"start":{"line":180,"column":16},"end":{"line":180,"column":76}},"108":{"start":{"line":181,"column":39},"end":{"line":181,"column":61}},"109":{"start":{"line":182,"column":14},"end":{"line":182,"column":69}},"110":{"start":{"line":186,"column":10},"end":{"line":188,"column":11}},"111":{"start":{"line":187,"column":12},"end":{"line":187,"column":18}},"112":{"start":{"line":190,"column":12},"end":{"line":195,"column":37}},"113":{"start":{"line":196,"column":10},"end":{"line":198,"column":11}},"114":{"start":{"line":197,"column":12},"end":{"line":197,"column":18}},"115":{"start":{"line":200,"column":10},"end":{"line":200,"column":57}},"116":{"start":{"line":201,"column":10},"end":{"line":201,"column":38}},"117":{"start":{"line":203,"column":28},"end":{"line":205,"column":15}},"118":{"start":{"line":206,"column":29},"end":{"line":208,"column":15}},"119":{"start":{"line":209,"column":31},"end":{"line":211,"column":15}},"120":{"start":{"line":212,"column":32},"end":{"line":214,"column":14}},"121":{"start":{"line":216,"column":10},"end":{"line":219,"column":34}},"122":{"start":{"line":220,"column":29},"end":{"line":220,"column":62}},"123":{"start":{"line":221,"column":30},"end":{"line":265,"column":60}},"124":{"start":{"line":267,"column":8},"end":{"line":336,"column":9}},"125":{"start":{"line":268,"column":10},"end":{"line":323,"column":14}},"126":{"start":{"line":325,"column":10},"end":{"line":335,"column":54}},"127":{"start":{"line":337,"column":8},"end":{"line":337,"column":47}},"128":{"start":{"line":339,"column":26},"end":{"line":339,"column":62}},"129":{"start":{"line":340,"column":8},"end":{"line":340,"column":35}},"130":{"start":{"line":343,"column":6},"end":{"line":343,"column":28}},"131":{"start":{"line":345,"column":24},"end":{"line":345,"column":50}},"132":{"start":{"line":346,"column":6},"end":{"line":353,"column":7}},"133":{"start":{"line":347,"column":23},"end":{"line":347,"column":56}},"134":{"start":{"line":348,"column":28},"end":{"line":350,"column":null}},"135":{"start":{"line":352,"column":8},"end":{"line":352,"column":63}},"136":{"start":{"line":352,"column":38},"end":{"line":352,"column":61}},"137":{"start":{"line":354,"column":18},"end":{"line":354,"column":40}},"138":{"start":{"line":356,"column":33},"end":{"line":356,"column":69}},"139":{"start":{"line":358,"column":6},"end":{"line":358,"column":32}},"140":{"start":{"line":360,"column":6},"end":{"line":360,"column":18}},"141":{"start":{"line":364,"column":23},"end":{"line":364,"column":44}},"142":{"start":{"line":365,"column":17},"end":{"line":365,"column":64}},"143":{"start":{"line":367,"column":4},"end":{"line":380,"column":5}},"144":{"start":{"line":367,"column":17},"end":{"line":367,"column":18}},"145":{"start":{"line":368,"column":19},"end":{"line":368,"column":36}},"146":{"start":{"line":369,"column":32},"end":{"line":369,"column":46}},"147":{"start":{"line":370,"column":23},"end":{"line":370,"column":24}},"148":{"start":{"line":371,"column":19},"end":{"line":371,"column":53}},"149":{"start":{"line":372,"column":24},"end":{"line":372,"column":62}},"150":{"start":{"line":373,"column":6},"end":{"line":379,"column":9}},"151":{"start":{"line":382,"column":4},"end":{"line":382,"column":31}},"152":{"start":{"line":385,"column":22},"end":{"line":392,"column":6}},"153":{"start":{"line":393,"column":4},"end":{"line":393,"column":23}},"154":{"start":{"line":403,"column":19},"end":{"line":408,"column":null}},"155":{"start":{"line":410,"column":24},"end":{"line":426,"column":10}},"156":{"start":{"line":427,"column":4},"end":{"line":427,"column":23}},"157":{"start":{"line":436,"column":24},"end":{"line":436,"column":46}},"158":{"start":{"line":437,"column":17},"end":{"line":437,"column":157}},"159":{"start":{"line":438,"column":19},"end":{"line":438,"column":47}},"160":{"start":{"line":439,"column":4},"end":{"line":439,"column":18}},"161":{"start":{"line":442,"column":20},"end":{"line":442,"column":22}},"162":{"start":{"line":445,"column":4},"end":{"line":457,"column":6}},"163":{"start":{"line":458,"column":4},"end":{"line":622,"column":7}},"164":{"start":{"line":459,"column":6},"end":{"line":506,"column":10}},"165":{"start":{"line":507,"column":6},"end":{"line":621,"column":7}},"166":{"start":{"line":508,"column":8},"end":{"line":564,"column":9}},"167":{"start":{"line":510,"column":12},"end":{"line":510,"column":69}},"168":{"start":{"line":511,"column":32},"end":{"line":511,"column":52}},"169":{"start":{"line":512,"column":10},"end":{"line":563,"column":13}},"170":{"start":{"line":513,"column":12},"end":{"line":562,"column":20}},"171":{"start":{"line":565,"column":8},"end":{"line":620,"column":9}},"172":{"start":{"line":567,"column":12},"end":{"line":567,"column":72}},"173":{"start":{"line":568,"column":35},"end":{"line":568,"column":57}},"174":{"start":{"line":569,"column":10},"end":{"line":619,"column":13}},"175":{"start":{"line":570,"column":12},"end":{"line":618,"column":14}},"176":{"start":{"line":623,"column":4},"end":{"line":623,"column":26}},"177":{"start":{"line":624,"column":4},"end":{"line":624,"column":21}},"178":{"start":{"line":627,"column":22},"end":{"line":627,"column":24}},"179":{"start":{"line":628,"column":4},"end":{"line":636,"column":7}},"180":{"start":{"line":629,"column":31},"end":{"line":630,"column":null}},"181":{"start":{"line":632,"column":25},"end":{"line":632,"column":64}},"182":{"start":{"line":633,"column":6},"end":{"line":635,"column":9}},"183":{"start":{"line":634,"column":8},"end":{"line":634,"column":158}},"184":{"start":{"line":637,"column":4},"end":{"line":637,"column":23}},"185":{"start":{"line":27,"column":0},"end":{"line":27,"column":21}}},"fnMap":{"0":{"name":"(anonymous_14)","decl":{"start":{"line":33,"column":2},"end":{"line":33,"column":14}},"loc":{"start":{"line":33,"column":34},"end":{"line":39,"column":3}}},"1":{"name":"(anonymous_15)","decl":{"start":{"line":40,"column":2},"end":{"line":40,"column":13}},"loc":{"start":{"line":40,"column":26},"end":{"line":56,"column":3}}},"2":{"name":"(anonymous_16)","decl":{"start":{"line":57,"column":2},"end":{"line":57,"column":18}},"loc":{"start":{"line":57,"column":30},"end":{"line":64,"column":3}}},"3":{"name":"(anonymous_17)","decl":{"start":{"line":65,"column":2},"end":{"line":65,"column":12}},"loc":{"start":{"line":65,"column":23},"end":{"line":106,"column":3}}},"4":{"name":"(anonymous_18)","decl":{"start":{"line":107,"column":8},"end":{"line":107,"column":24}},"loc":{"start":{"line":107,"column":24},"end":{"line":362,"column":null}}},"5":{"name":"(anonymous_20)","decl":{"start":{"line":132,"column":33},"end":{"line":132,"column":34}},"loc":{"start":{"line":132,"column":47},"end":{"line":135,"column":9}}},"6":{"name":"(anonymous_21)","decl":{"start":{"line":352,"column":28},"end":{"line":352,"column":29}},"loc":{"start":{"line":352,"column":38},"end":{"line":352,"column":61}}},"7":{"name":"(anonymous_22)","decl":{"start":{"line":363,"column":8},"end":{"line":363,"column":22}},"loc":{"start":{"line":363,"column":42},"end":{"line":383,"column":null}}},"8":{"name":"(anonymous_24)","decl":{"start":{"line":384,"column":2},"end":{"line":384,"column":26}},"loc":{"start":{"line":384,"column":39},"end":{"line":394,"column":3}}},"9":{"name":"(anonymous_25)","decl":{"start":{"line":395,"column":8},"end":{"line":395,"column":30}},"loc":{"start":{"line":401,"column":21},"end":{"line":428,"column":null}}},"10":{"name":"(anonymous_27)","decl":{"start":{"line":429,"column":8},"end":{"line":429,"column":20}},"loc":{"start":{"line":434,"column":24},"end":{"line":440,"column":null}}},"11":{"name":"(anonymous_29)","decl":{"start":{"line":441,"column":2},"end":{"line":441,"column":24}},"loc":{"start":{"line":441,"column":34},"end":{"line":625,"column":3}}},"12":{"name":"(anonymous_30)","decl":{"start":{"line":458,"column":17},"end":{"line":458,"column":18}},"loc":{"start":{"line":458,"column":46},"end":{"line":622,"column":5}}},"13":{"name":"(anonymous_31)","decl":{"start":{"line":512,"column":32},"end":{"line":512,"column":33}},"loc":{"start":{"line":512,"column":50},"end":{"line":563,"column":11}}},"14":{"name":"(anonymous_32)","decl":{"start":{"line":569,"column":35},"end":{"line":569,"column":36}},"loc":{"start":{"line":569,"column":54},"end":{"line":619,"column":11}}},"15":{"name":"(anonymous_33)","decl":{"start":{"line":626,"column":2},"end":{"line":626,"column":21}},"loc":{"start":{"line":626,"column":31},"end":{"line":638,"column":3}}},"16":{"name":"(anonymous_34)","decl":{"start":{"line":628,"column":17},"end":{"line":628,"column":18}},"loc":{"start":{"line":628,"column":31},"end":{"line":636,"column":5}}},"17":{"name":"(anonymous_35)","decl":{"start":{"line":633,"column":25},"end":{"line":633,"column":26}},"loc":{"start":{"line":633,"column":36},"end":{"line":635,"column":7}}}},"branchMap":{"0":{"loc":{"start":{"line":44,"column":6},"end":{"line":51,"column":7}},"type":"if","locations":[{"start":{"line":44,"column":6},"end":{"line":51,"column":7}}]},"1":{"loc":{"start":{"line":45,"column":8},"end":{"line":49,"column":9}},"type":"if","locations":[{"start":{"line":45,"column":8},"end":{"line":49,"column":9}}]},"2":{"loc":{"start":{"line":60,"column":4},"end":{"line":62,"column":5}},"type":"if","locations":[{"start":{"line":60,"column":4},"end":{"line":62,"column":5}}]},"3":{"loc":{"start":{"line":68,"column":4},"end":{"line":84,"column":5}},"type":"if","locations":[{"start":{"line":68,"column":4},"end":{"line":84,"column":5}},{"start":{"line":79,"column":11},"end":{"line":84,"column":5}}]},"4":{"loc":{"start":{"line":70,"column":6},"end":{"line":78,"column":7}},"type":"if","locations":[{"start":{"line":70,"column":6},"end":{"line":78,"column":7}}]},"5":{"loc":{"start":{"line":74,"column":10},"end":{"line":76
[...]
,"/Users/rodrigoruiz/Documents/personal/cfdi-xml/src/utilerias/utils.ts": {"path":"/Users/rodrigoruiz/Documents/personal/cfdi-xml/src/utilerias/utils.ts","statementMap":{"0":{"start":{"line":1,"column":0},"end":{"line":1,"column":16}},"1":{"start":{"line":2,"column":19},"end":{"line":2,"column":21}},"2":{"start":{"line":3,"column":22},"end":{"line":3,"column":52}},"3":{"start":{"line":4,"column":2},"end":{"line":102,"column":3}},"4":{"start":{"line":4,"column":19},"end":{"line":4,"column":39}},"5":{"start":{"line":5,"column":7},"end":{"line":102,"column":3}},"6":{"start":{"line":5,"column":24},"end":{"line":5,"column":43}},"7":{"start":{"line":6,"column":7},"end":{"line":102,"column":3}},"8":{"start":{"line":6,"column":24},"end":{"line":6,"column":43}},"9":{"start":{"line":7,"column":7},"end":{"line":102,"column":3}},"10":{"start":{"line":7,"column":24},"end":{"line":7,"column":44}},"11":{"start":{"line":8,"column":7},"end":{"line":102,"column":3}},"12":{"start":{"line":8,"column":24},"end":{"line":8,"column":46}},"13":{"start":{"line":9,"column":7},"end":{"line":102,"column":3}},"14":{"start":{"line":9,"column":24},"end":{"line":9,"column":45}},"15":{"start":{"line":10,"column":7},"end":{"line":102,"column":3}},"16":{"start":{"line":10,"column":24},"end":{"line":10,"column":44}},"17":{"start":{"line":11,"column":7},"end":{"line":102,"column":3}},"18":{"start":{"line":11,"column":24},"end":{"line":11,"column":45}},"19":{"start":{"line":12,"column":7},"end":{"line":102,"column":3}},"20":{"start":{"line":12,"column":24},"end":{"line":12,"column":44}},"21":{"start":{"line":13,"column":7},"end":{"line":102,"column":3}},"22":{"start":{"line":13,"column":24},"end":{"line":13,"column":45}},"23":{"start":{"line":14,"column":7},"end":{"line":102,"column":3}},"24":{"start":{"line":14,"column":25},"end":{"line":14,"column":45}},"25":{"start":{"line":15,"column":7},"end":{"line":102,"column":3}},"26":{"start":{"line":15,"column":25},"end":{"line":15,"column":45}},"27":{"start":{"line":16,"column":7},"end":{"line":102,"column":3}},"28":{"start":{"line":16,"column":25},"end":{"line":16,"column":45}},"29":{"start":{"line":17,"column":7},"end":{"line":102,"column":3}},"30":{"start":{"line":17,"column":25},"end":{"line":17,"column":46}},"31":{"start":{"line":18,"column":7},"end":{"line":102,"column":3}},"32":{"start":{"line":18,"column":25},"end":{"line":18,"column":48}},"33":{"start":{"line":19,"column":7},"end":{"line":102,"column":3}},"34":{"start":{"line":19,"column":25},"end":{"line":19,"column":47}},"35":{"start":{"line":20,"column":7},"end":{"line":102,"column":3}},"36":{"start":{"line":21,"column":4},"end":{"line":21,"column":78}},"37":{"start":{"line":22,"column":7},"end":{"line":102,"column":3}},"38":{"start":{"line":22,"column":25},"end":{"line":22,"column":47}},"39":{"start":{"line":23,"column":7},"end":{"line":102,"column":3}},"40":{"start":{"line":24,"column":4},"end":{"line":24,"column":79}},"41":{"start":{"line":25,"column":7},"end":{"line":102,"column":3}},"42":{"start":{"line":25,"column":25},"end":{"line":25,"column":48}},"43":{"start":{"line":26,"column":7},"end":{"line":102,"column":3}},"44":{"start":{"line":26,"column":25},"end":{"line":26,"column":49}},"45":{"start":{"line":27,"column":7},"end":{"line":102,"column":3}},"46":{"start":{"line":27,"column":25},"end":{"line":27,"column":50}},"47":{"start":{"line":28,"column":7},"end":{"line":102,"column":3}},"48":{"start":{"line":28,"column":25},"end":{"line":28,"column":48}},"49":{"start":{"line":29,"column":7},"end":{"line":102,"column":3}},"50":{"start":{"line":29,"column":25},"end":{"line":29,"column":48}},"51":{"start":{"line":30,"column":7},"end":{"line":102,"column":3}},"52":{"start":{"line":30,"column":25},"end":{"line":30,"column":48}},"53":{"start":{"line":31,"column":7},"end":{"line":102,"column":3}},"54":{"start":{"line":31,"column":25},"end":{"line":31,"column":48}},"55":{"start":{"line":32,"column":7},"end":{"line":102,"column":3}},"56":{"start":{"line":33,"column":4},"end":{"line":36,"column":57}},"57":{"start":{"line":37,"column":7},"end":{"line":102,"column":3}},"58":{"start":{"line":37,"column":26},"end":{"line":37,"column":46}},"59":{"start":{"line":38,"column":7},"end":{"line":102,"column":3}},"60":{"start":{"line":39,"column":4},"end":{"line":40,"column":70}},"61":{"start":{"line":41,"column":7},"end":{"line":102,"column":3}},"62":{"start":{"line":48,"column":4},"end":{"line":48,"column":79}},"63":{"start":{"line":49,"column":7},"end":{"line":102,"column":3}},"64":{"start":{"line":49,"column":26},"end":{"line":49,"column":52}},"65":{"start":{"line":50,"column":7},"end":{"line":102,"column":3}},"66":{"start":{"line":50,"column":26},"end":{"line":50,"column":53}},"67":{"start":{"line":51,"column":7},"end":{"line":102,"column":3}},"68":{"start":{"line":51,"column":26},"end":{"line":51,"column":53}},"69":{"start":{"line":52,"column":7},"end":{"line":102,"column":3}},"70":{"start":{"line":53,"column":4},"end":{"line":56,"column":58}},"71":{"start":{"line":57,"column":7},"end":{"line":102,"column":3}},"72":{"start":{"line":57,"column":26},"end":{"line":57,"column":45}},"73":{"start":{"line":58,"column":7},"end":{"line":102,"column":3}},"74":{"start":{"line":59,"column":4},"end":{"line":59,"column":79}},"75":{"start":{"line":60,"column":7},"end":{"line":102,"column":3}},"76":{"start":{"line":61,"column":4},"end":{"line":61,"column":79}},"77":{"start":{"line":62,"column":4},"end":{"line":64,"column":80}},"78":{"start":{"line":63,"column":6},"end":{"line":64,"column":80}},"79":{"start":{"line":65,"column":9},"end":{"line":102,"column":3}},"80":{"start":{"line":65,"column":31},"end":{"line":65,"column":56}},"81":{"start":{"line":66,"column":7},"end":{"line":102,"column":3}},"82":{"start":{"line":67,"column":4},"end":{"line":68,"column":77}},"83":{"start":{"line":69,"column":7},"end":{"line":102,"column":3}},"84":{"start":{"line":70,"column":4},"end":{"line":71,"column":75}},"85":{"start":{"line":72,"column":4},"end":{"line":78,"column":10}},"86":{"start":{"line":73,"column":6},"end":{"line":78,"column":10}},"87":{"start":{"line":79,"column":9},"end":{"line":102,"column":3}},"88":{"start":{"line":79,"column":37},"end":{"line":79,"column":62}},"89":{"start":{"line":80,"column":7},"end":{"line":102,"column":3}},"90":{"start":{"line":81,"column":4},"end":{"line":88,"column":8}},"91":{"start":{"line":90,"column":4},"end":{"line":91,"column":80}},"92":{"start":{"line":92,"column":4},"end":{"line":101,"column":10}},"93":{"start":{"line":93,"column":6},"end":{"line":101,"column":10}},"94":{"start":{"line":104,"column":2},"end":{"line":104,"column":20}}},"fnMap":{"0":{"name":"numberToWords","decl":{"start":{"line":1,"column":16},"end":{"line":1,"column":29}},"loc":{"start":{"line":1,"column":44},"end":{"line":105,"column":1}}}},"branchMap":{"0":{"loc":{"start":{"line":4,"column":2},"end":{"line":102,"column":3}},"type":"if","locations":[{"start":{"line":4,"column":2},"end":{"line":102,"column":3}},{"start":{"line":5,"column":7},"end":{"line":102,"column":3}}]},"1":{"loc":{"start":{"line":5,"column":7},"end":{"line":102,"column":3}},"type":"if","locations":[{"start":{"line":5,"column":7},"end":{"line":102,"column":3}},{"start":{"line":6,"column":7},"end":{"line":102,"column":3}}]},"2":{"loc":{"start":{"line":6,"column":7},"end":{"line":102,"column":3}},"type":"if","locations":[{"start":{"line":6,"column":7},"end":{"line":102,"column":3}},{"start":{"line":7,"column":7},"end":{"line":102,"column":3}}]},"3":{"loc":{"start":{"line":7,"column":7},"end":{"line":102,"column":3}},"type":"if","locations":[{"start":{"line":7,"column":7},"end":{"line":102,"column":3}},{"start":{"line":8,"column":7},"end":{"line":102,"column":3}}]},"4":{"loc":{"start":{"line":8,"column":7},"end":{"line":102,"column":3}},"type":"if","locations":[{"start":{"line":8,"column":7},"end":{"line":102,"column":3}},{"start":{"line":9,"column":7},"end":{"line":102,"column":3}}]},"5":{"loc":{"start":{"line":9,"column":7},"end":{"line":102,"column":3}},"type":"if","locations":[{"start":{"line":9,"column":7},"end":{"line":102,"column":3}},{"start":{"line":10,"column":7},"end":{"line":102,"column":3}}]},"6":{"loc":{"start":{"line":10,"column":7},"end":{"line":102,"column":3}},"type":"if","locations":[{"start":{"line":10,"column":7},"end":{"line":102,"column":3}},{"start":{"line":11,"column":7},"end":{"line":102,"column":3}}]},"7":{"loc":{"start":{"line":11,"column":7},"end":{"line":102,"column":3}},"type":"if","locations":[{"start":{"line":11,"column":7},"end":{"line":102,"column":3}},{"start":{"line":12,"column":7},"end":{"line":102,"column":3}}]},"8":{"loc":{"start":{"line":12,"column":7},"end":{"line":102,"column":3}},"type":"if","locations":[{"start":{"line":12,"column":7},"end":{"line":102,"column":3}},{"start":{"line":13,"column":7},"end":{"line":102,"column":3}}]},"9":{"loc":{"start":{"line":13,"column":7},"end":{"line":102,"column":3}},"type":"if","locations":[{"start":{"line":13,"column":7},"end":{"line":102,"column":3}},{"start":{"line":14,"column":7},"end":{"line":102,"column":3}}]},"10":{"loc":{"start":{"line":14,"column":7},"end":{"line":102,"column":3}},"type":"if","locations":[{"start":{"line":14,"column":7},"end":{"line":102,"column":3}},{"start":{"line":15,"column":7},"end":{"line":102,"column":3}}]},"11":{"loc":{"start":{"line":15,"column":7},"end":{"line":102,"column":3}},"type":"if","locations":[{"start":{"line":15,"column":7},"end":{"line":102,"column":3}},{"start":{"line":16,"column":7},"end":{"line":102,"column":3}}]},"12":{"loc":{"start":{"line":16,"column":7},"end":{"line":102,"column":3}},"type":"if","locations":[{"start":{"line":16,"column":7},"end":{"line":102,"column":3}},{"start":{"line":17,"column":7},"end":{"line":102,"column":3}}]},"13":{"loc":{"start":{"line":17,"column":7},"end":{"line":102,"column":3}},"type":"if","locations":[{"start":{"line":17,"column":7},"end":{"line":102,"column":3}},{"start":{"line":18,"column":7},"end":{"line":102,"column":3}}]},"14":{"loc":{"start":{"line":18,"column":7},"end":{"line":102,"column":3}},"type":"if","locations":[{"start":{"line":18,"column":7},"end":{"line":102,"column":3}},{"start":{"line":19,"column":7},"end":{"line":102,"column":3}}]},"15":{"loc":{"start":{"line":19,"column":7},"end":{"line":102,"column":3}},"type":"if","locations":[{"start":{"line":19,"column":7},"end":{"line":102,"column":3}},{"start":{"line":20,"column":7},"end":{"line":102,"column":3}}]},"16":{"loc":{"start":{"line":20,"column":7},"end":{"line":102,"column":3}},"type":"if","locations":[{"start":{"line":20,"column":7},"end":{"line":102,"column":3}},{"start":{"line":22,"column":7},"end":{"line":102,"column":3}}]},"17":{"loc":{"start":{"line":22,"column":7},"end":{"line":102,"column":3}},"type":"if","locations":[{"start":{"line":22,"column":7},"end":{"line":102,"column":3}},{"start":{"line":23,"column":7},"end":{"line":102,"column":3}}]},"18":{"loc":{"start":{"line":23,"column":7},"end":{"line":102,"column":3}},"type":"if","locations":[{"start":{"line":23,"column":7},"end":{"line":102,"column":3}},{"start":{"line":25,"column":7},"end":{"line":102,"column":3}}]},"19":{"loc":{"start":{"line":25,"column":7},"end":{"line":102,"column":3}},"type":"if","locations":[{"start":{"line":25,"column":7},"end":{"line":102,"column":3}},{"start":{"line":26,"column":7},"end":{"line":102,"column":3}}]},"20":{"loc":{"start":{"line":26,"column":7},"end":{"line":102,"column":3}},"type":"if","locations":[{"start":{"line":26,"column":7},"end":{"line":102,"column":3}},{"start":{"line":27,"column":7},"end":{"line":102,"column":3}}]},"21":{"loc":{"start":{"line":27,"column":7},"end":{"line":102,"column":3}},"type":"if","locations":[{"start":{"line":27,"column":7},"end":{"line":102,"column":3}},{"start":{"line":28,"column":7},"end":{"line":102,"column":3}}]},"22":{"loc":{"start":{"line":28,"column":7},"end":{"line":102,"column":3}},"type":"if","locations":[{"start":{"line":28,"column":7},"end":{"line":102,"column":3}},{"start":{"line":29,"column":7},"end":{"line":102,"column":3}}]},"23":{"loc":{"start":{"line":29,"column":7},"end":{"line":102,"column":3}},"type":"if","locations":[{"start":{"line":29,"column":7},"end":{"line":102,"column":3}},{"start":{"line":30,"column":7},"end":{"line":102,"column":3}}]},"24":{"loc":{"start":{"line":30,"column":7},"end":{"line":102,"column":3}},"type":"if","locations":[{"start":{"line":30,"column":7},"end":{"line":102,"column":3}},{"start":{"line":31,"column":7},"end":{"line":102,"column":3}}]},"25":{"loc":{"start":{"line":31,"column":7},"end":{"line":102,"column":3}},"type":"if","locations":[{"start":{"line":31,"column":7},"end":{"line":102,"column":3}},{"start":{"line":32,"column":7},"end":{"line":102,"column":3}}]},"26":{"loc":{"start":{"line":32,"column":7},"end":{"line":102,"column":3}},"type":"if","locations":[{"start":{"line":32,"column":7},"end":{"line":102,"column":3}},{"start":{"line":37,"column":7},"end":{"line":102,"column":3}}]},"27":{"loc":{"start":{"line":37,"column":7},"end":{"line":102,"column":3}},"type":"if","locations":[{"start":{"line":37,"column":7},"end":{"line":102,"column":3}},{"start":{"line":38,"column":7},"end":{"line":102,"column":3}}]},"28":{"loc":{"start":{"line":38,"column":7},"end":{"line":102,"column":3}},"type":"if","locations":[{"start":{"line":38,"column":7},"end":{"line":102,"column":3}},{"start":{"line":41,"column":7},"end":{"line":102,"column":3}}]},"29":{"loc":{"start":{"line":41,"column":7},"end":{"line":102,"column":3}},"type":"if","locations":[{"start":{"line":41,"column":7},"end":{"line":102,"column":3}},{"start":{"line":49,"column":7},"end":{"line":102,"column":3}}]},"30":{"loc":{"start":{"line":42,"column":4},"end":{"line":46,"column":17}},"type":"binary-expr","locations":[{"start":{"line":42,"column":4},"end":{"line":42,"column":17}},{"start":{"line":43,"column":4},"end":{"line":43,"column":17}},{"start":{"line":44,"column":4},"end":{"line":44,"column":17}},{"start":{"line":45,"column":4},"end":{"line":45,"column":17}},{"start":{"line":46,"column":4},"end":{"line":46,"column":17}}]},"31":{"loc":{"start":{"line":49,"column":7},"end":{"line":102,"column":3}},"type":"if","locations":[{"start":{"line":49,"column":7},"end":{"line":102,"column":3}},{"start":{"line":50,"column":7},"end":{"line":102,"column":3}}]},"32":{"loc":{"start":{"line":50,"column":7},"end":{"line":102,"column":3}},"type":"if","locations":[{"start":{"line":50,"column":7},"end":{"line":102,"column":3}},{"start":{"line":51,"column":7},"end":{"line":102,"column":3}}]},"33":{"loc":{"start":{"line":51,"column":7},"end":{"line":102,"column":3}},"type":"if","locations":[{"start":{"line":51,"column":7},"end":{"line":102,"column":3}},{"start":{"line":52,"column":7},"end":{"line":102,"column":3}}]},"34":{"loc":{"start":{"line":52,"column":7},"end":{"line":102,"column":3}},"type":"if","locations":[{"start":{"line":52,"column":7},"end":{"line":102,"column":3}},{"start":{"line":57,"column":7},"end":{"line":102,"column":3}}]},"35":{"loc":{"start":{"line":57,"column":7},"end":{"line":102,"column":3}},"type":"if","locations":[{"start":{"line":57,"column":7},"end":{"line":102,"column":3}},{"start":{"line":58,"column":7},"end":{"line":102,"column":3}}]},"36":{"loc":{"start":{"line":58,"column":7},"end":{"line":102,"column":3}},"type":"if","locations":[{"start":{"line":58,"column":7},"end":{"line":102,"column":3}},{"start":{"line":60,"column":7},"end":{"line":102,"column":3}}]},"37":{"loc":{"start":{"line":60,"column":7},"end":{"line":102,"column":3}},"type":"if","locations":[{"start":{"line":60,"column":7},"end":{"line":102,"column":3}},{"start":{"line":65,"column":9},"end":{"line":102,"column":3}}]},"38":{"loc":{"start":{"line":62,"column":4},"end":{"line":64,"column":80}},"type":"if","locations":[{"start":{"line":62,"column":4},"end":{"line":64,"column":80}}]},"39":{"loc":{"start":{"line":65,"column":9},"end":{"line":102,"column":3}},"type":"if","locations":[{"start":{"line":65,"column":9},"end":{"line":102,"column":3}},{"start":{"line":66,"column":7},"end":{"line":102,"column":3}}]},"40":{"loc":{"start":{"line":66,"column":7},"end":{"line":102,"column":3}},"type":"if","locations":[{"start":{"line":66,"column":7},"end":{"line":102,"column":3}},{"start":{"line":69,"column":7},"end":{"line":102,"column":3}}]},"41":{"loc":{"start":{"line":69,"column":7},"end":{"line":102,"column":3}},"type":"if","locations":[{"start":{"line":69,"column":7},"end":{"line":102,"column":3}},{"start":{"line":79,"column":9},"end":{"line":102,"column":3}}]},"42":{"loc":{"start":{"line":72,"column":4},"end":{"line":78,"column":10}},"type":"if","locations":[{"start":{"line":72,"column":4},"end":{"line":78,"column":10}}]},"43":{"loc":{"start":{"line":79,"column":9},"end":{"line":102,"column":3}},"type":"if","locations":[{"start":{"line":79,"column":9},"end":{"line":102,"column":3}},{"start":{"line":80,"column":7},"end":{"line":102,"column":3}}]},"44":{"loc":{"start":{"line":80,"column":7},"end":{"line":102,"column":3}},"type":"if","locations":[{"start":{"line":80,"column":7},"end":{"line":102,"column":3}},{"start":{"line":89,"column":7},"end":{"line":102,"column":3}}]},"45":{"loc":{"start":{"line":92,"column":4},"end":{"line":101,"column":10}},"type":"if","locations":[{"start":{"line":92,"column":4},"end":{"line":101,"column":10}}]}},"s":{"0":1,"1":0,"2":0,"3":0,"4":0,"5":0,"6":0,"7":0,"8":0,"9":0,"10":0,"11":0,"12":0,"13":0,"14":0,"15":0,"16":0,"17":0,"18":0,"19":0,"20":0,"21":0,"22":0,"23":0,"24":0,"25":0,"26":0,"27":0,"28":0,"29":0,"30":0,"31":0,"32":0,"33":0,"34":0,"35":0,"36":0,"37":0,"38":0,"39":0,"40":0,"41":0,"42":0,"43":0,"44":0,"45":0,"46":0,"47":0,"48":0,"49":0,"50":0,"51":0,"52":0,"53":0,"54":0,"55":0,"56":0,"57":0,"58":0,"59":0,"60":0,"61":0,"62":0,"63":0,"64":0,"65":0,"66":0,"67":0,"68":0,"69":0,"70":0,"71":0,"72":0,"73":0,"74":0,"75":0,"76":0,"77":0,"78":0,"79":0,"80":0,"81":0,"82":0,"83":0,"84":0,"85":0,"86":0,"87":0,"88":0,"89":0,"90":0,"91":0,"92":0,"93":0,"94":0},"f":{"0":0},"b":{"0":[0,0],"1":[0,0],"2":[0,0],"3":[0,0],"4":[0,0],"5":[0,0],"6":[0,0],"7":[0,0],"8":[0,0],"9":[0,0],"10":[0,0],"11":[0,0],"12":[0,0],"13":[0,0],"14":[0,0],"15":[0,0],"16":[0,0],"17":[0,0],"18":[0,0],"19":[0,0],"20":[0,0],"21":[0,0],"22":[0,0],"23":[0,0],"24":[0,0],"25":[0,0],"26":[0,0],"27":[0,0],"28":[0,0],"29":[0,0],"30":[0,0,0,0,0],"31":[0,0],"32":[0,0],"33":[0,0],"34":[0,0],"35":[0,0],"36":[0,0],"37":[0,0],"38":[0],"39":[0,0],"40":[0,0],"41":[0,0],"42":[0],"43":[0,0],"44":[0,0],"45":[0]}}
}
