TN:
SF:src/index.ts
FN:60,(anonymous_10)
FN:98,(anonymous_11)
FN:106,(anonymous_12)
FN:116,(anonymous_13)
FN:125,(anonymous_14)
FN:129,(anonymous_15)
FN:144,(anonymous_16)
FN:149,(anonymous_17)
FN:162,(anonymous_18)
FN:165,(anonymous_19)
FN:182,(anonymous_20)
FN:230,(anonymous_22)
FN:354,(anonymous_23)
FN:329,(anonymous_28)
FN:366,(anonymous_29)
FN:367,(anonymous_30)
FN:391,(anonymous_31)
FN:399,(anonymous_32)
FN:440,(anonymous_33)
FN:471,(anonymous_34)
FN:474,(anonymous_35)
FN:477,(anonymous_36)
FN:480,(anonymous_37)
FN:483,(anonymous_38)
FN:487,(anonymous_39)
FN:495,(anonymous_40)
FN:506,(anonymous_41)
FN:511,(anonymous_42)
FN:515,(anonymous_43)
FN:519,(anonymous_44)
FN:523,(anonymous_45)
FN:527,(anonymous_46)
FN:538,(anonymous_47)
FN:614,(anonymous_48)
FN:657,(anonymous_49)
FN:703,(anonymous_51)
FN:787,(anonymous_52)
FN:788,(anonymous_53)
FN:809,(anonymous_54)
FN:810,(anonymous_55)
FN:826,(anonymous_56)
FN:837,(anonymous_57)
FN:841,(anonymous_58)
FN:852,(anonymous_59)
FN:861,(anonymous_60)
FN:865,(anonymous_61)
FN:880,(anonymous_62)
FN:890,(anonymous_63)
FN:897,(anonymous_64)
FN:901,(anonymous_65)
FN:912,(anonymous_66)
FN:916,(anonymous_67)
FN:928,(anonymous_68)
FN:932,(anonymous_69)
FN:941,(anonymous_70)
FN:954,(anonymous_71)
FN:470,_CartaPorte_resolveInclusions
FN:591,(anonymous_74)
FN:997,(anonymous_77)
FN:1072,(anonymous_78)
FN:1116,(anonymous_79)
FN:1049,(anonymous_82)
FN:1142,oo_cm
FNF:63
FNH:11
FNDA:1,(anonymous_10)
FNDA:1,(anonymous_11)
FNDA:20,(anonymous_12)
FNDA:0,(anonymous_13)
FNDA:0,(anonymous_14)
FNDA:1,(anonymous_15)
FNDA:1,(anonymous_16)
FNDA:1,(anonymous_17)
FNDA:1,(anonymous_18)
FNDA:0,(anonymous_19)
FNDA:1,(anonymous_20)
FNDA:4,(anonymous_22)
FNDA:0,(anonymous_23)
FNDA:32,(anonymous_28)
FNDA:0,(anonymous_29)
FNDA:0,(anonymous_30)
FNDA:0,(anonymous_31)
FNDA:0,(anonymous_32)
FNDA:0,(anonymous_33)
FNDA:0,(anonymous_34)
FNDA:0,(anonymous_35)
FNDA:0,(anonymous_36)
FNDA:0,(anonymous_37)
FNDA:0,(anonymous_38)
FNDA:0,(anonymous_39)
FNDA:0,(anonymous_40)
FNDA:0,(anonymous_41)
FNDA:0,(anonymous_42)
FNDA:0,(anonymous_43)
FNDA:0,(anonymous_44)
FNDA:0,(anonymous_45)
FNDA:0,(anonymous_46)
FNDA:0,(anonymous_47)
FNDA:0,(anonymous_48)
FNDA:0,(anonymous_49)
FNDA:0,(anonymous_51)
FNDA:0,(anonymous_52)
FNDA:0,(anonymous_53)
FNDA:0,(anonymous_54)
FNDA:0,(anonymous_55)
FNDA:0,(anonymous_56)
FNDA:0,(anonymous_57)
FNDA:0,(anonymous_58)
FNDA:0,(anonymous_59)
FNDA:0,(anonymous_60)
FNDA:0,(anonymous_61)
FNDA:0,(anonymous_62)
FNDA:0,(anonymous_63)
FNDA:0,(anonymous_64)
FNDA:0,(anonymous_65)
FNDA:0,(anonymous_66)
FNDA:0,(anonymous_67)
FNDA:0,(anonymous_68)
FNDA:0,(anonymous_69)
FNDA:0,(anonymous_70)
FNDA:0,(anonymous_71)
FNDA:0,_CartaPorte_resolveInclusions
FNDA:0,(anonymous_74)
FNDA:0,(anonymous_77)
FNDA:0,(anonymous_78)
FNDA:0,(anonymous_79)
FNDA:0,(anonymous_82)
FNDA:20,oo_cm
DA:25,1
DA:26,1
DA:27,1
DA:28,1
DA:29,1
DA:30,1
DA:31,1
DA:32,1
DA:33,1
DA:34,1
DA:35,1
DA:36,1
DA:37,1
DA:39,1
DA:40,1
DA:41,1
DA:42,1
DA:43,1
DA:44,1
DA:52,1
DA:58,1
DA:59,1
DA:61,1
DA:62,1
DA:63,1
DA:64,1
DA:65,1
DA:73,1
DA:78,1
DA:82,1
DA:99,1
DA:101,1
DA:102,1
DA:104,1
DA:107,20
DA:110,1
DA:111,1
DA:113,0
DA:121,0
DA:122,0
DA:123,0
DA:126,0
DA:127,0
DA:131,1
DA:132,1
DA:138,1
DA:139,1
DA:141,0
DA:145,1
DA:146,1
DA:147,1
DA:156,1
DA:157,1
DA:158,1
DA:159,1
DA:160,1
DA:163,1
DA:166,0
DA:170,0
DA:180,0
DA:183,1
DA:184,1
DA:185,1
DA:189,1
DA:199,1
DA:200,1
DA:201,1
DA:202,1
DA:203,1
DA:206,1
DA:207,1
DA:208,1
DA:214,1
DA:215,1
DA:216,1
DA:218,1
DA:219,1
DA:222,1
DA:224,0
DA:227,0
DA:231,4
DA:234,1
DA:235,1
DA:236,1
DA:237,1
DA:239,1
DA:240,1
DA:241,1
DA:242,1
DA:243,1
DA:245,1
DA:246,1
DA:262,1
DA:263,1
DA:265,1
DA:266,1
DA:267,1
DA:268,1
DA:269,1
DA:270,1
DA:271,1
DA:273,1
DA:274,1
DA:276,0
DA:277,0
DA:282,1
DA:283,1
DA:284,1
DA:285,1
DA:286,1
DA:287,1
DA:288,1
DA:289,1
DA:327,1
DA:329,1
DA:330,32
DA:331,32
DA:332,32
DA:334,32
DA:335,32
DA:340,32
DA:341,712
DA:342,712
DA:346,32
DA:349,1
DA:350,1
DA:351,1
DA:352,1
DA:355,0
DA:356,0
DA:357,0
DA:359,0
DA:361,0
DA:365,1
DA:368,0
DA:369,0
DA:373,0
DA:374,0
DA:375,0
DA:376,0
DA:381,0
DA:388,0
DA:396,0
DA:397,0
DA:398,0
DA:399,0
DA:400,0
DA:401,0
DA:406,0
DA:413,0
DA:419,0
DA:426,1
DA:427,0
DA:428,0
DA:429,0
DA:430,0
DA:431,0
DA:432,0
DA:433,0
DA:434,0
DA:435,0
DA:436,0
DA:437,0
DA:438,0
DA:439,0
DA:441,0
DA:442,0
DA:443,0
DA:444,0
DA:445,0
DA:446,0
DA:451,0
DA:452,0
DA:453,0
DA:457,0
DA:463,0
DA:464,0
DA:465,0
DA:468,0
DA:469,0
DA:472,0
DA:475,0
DA:478,0
DA:481,0
DA:484,0
DA:485,0
DA:488,0
DA:489,0
DA:490,0
DA:491,0
DA:493,0
DA:496,0
DA:497,0
DA:498,0
DA:499,0
DA:500,0
DA:502,0
DA:507,0
DA:508,0
DA:509,0
DA:512,0
DA:513,0
DA:516,0
DA:517,0
DA:520,0
DA:521,0
DA:524,0
DA:525,0
DA:528,0
DA:529,0
DA:530,0
DA:531,0
DA:532,0
DA:534,0
DA:536,0
DA:539,0
DA:540,0
DA:541,0
DA:542,0
DA:544,0
DA:547,0
DA:548,0
DA:549,0
DA:550,0
DA:551,0
DA:589,0
DA:591,0
DA:592,0
DA:593,0
DA:594,0
DA:596,0
DA:597,0
DA:602,0
DA:603,0
DA:604,0
DA:608,0
DA:611,0
DA:612,0
DA:615,0
DA:616,0
DA:622,0
DA:623,0
DA:625,0
DA:629,0
DA:630,0
DA:631,0
DA:648,0
DA:649,0
DA:650,0
DA:651,0
DA:652,0
DA:654,0
DA:658,0
DA:659,0
DA:660,0
DA:661,0
DA:665,0
DA:666,0
DA:667,0
DA:671,0
DA:675,0
DA:678,0
DA:681,0
DA:682,0
DA:685,0
DA:686,0
DA:691,0
DA:695,0
DA:699,0
DA:700,0
DA:703,0
DA:704,0
DA:705,0
DA:708,0
DA:714,0
DA:718,0
DA:723,0
DA:724,0
DA:729,0
DA:730,0
DA:735,0
DA:739,0
DA:743,0
DA:745,0
DA:749,0
DA:754,0
DA:758,0
DA:764,0
DA:767,0
DA:780,0
DA:783,0
DA:784,0
DA:787,0
DA:788,0
DA:789,0
DA:790,0
DA:791,0
DA:792,0
DA:793,0
DA:795,0
DA:802,0
DA:805,0
DA:806,0
DA:809,0
DA:810,0
DA:811,0
DA:812,0
DA:813,0
DA:814,0
DA:815,0
DA:817,0
DA:823,0
DA:826,0
DA:827,0
DA:828,0
DA:829,0
DA:830,0
DA:831,0
DA:833,0
DA:837,0
DA:838,0
DA:841,0
DA:842,0
DA:843,0
DA:844,0
DA:845,0
DA:848,0
DA:849,0
DA:852,0
DA:853,0
DA:854,0
DA:855,0
DA:856,0
DA:860,0
DA:861,0
DA:862,0
DA:865,0
DA:866,0
DA:867,0
DA:868,0
DA:869,0
DA:876,0
DA:877,0
DA:880,0
DA:881,0
DA:882,0
DA:883,0
DA:884,0
DA:887,0
DA:890,0
DA:891,0
DA:892,0
DA:893,0
DA:894,0
DA:897,0
DA:898,0
DA:901,0
DA:902,0
DA:903,0
DA:904,0
DA:905,0
DA:909,0
DA:912,0
DA:913,0
DA:916,0
DA:917,0
DA:918,0
DA:919,0
DA:920,0
DA:925,0
DA:928,0
DA:929,0
DA:932,0
DA:933,0
DA:934,0
DA:935,0
DA:936,0
DA:937,0
DA:941,0
DA:942,0
DA:945,0
DA:950,0
DA:951,0
DA:954,0
DA:955,0
DA:956,0
DA:957,0
DA:958,0
DA:964,0
DA:965,0
DA:966,0
DA:971,0
DA:972,0
DA:973,0
DA:975,0
DA:977,0
DA:984,0
DA:993,1
DA:994,0
DA:995,0
DA:996,0
DA:998,0
DA:999,0
DA:1000,0
DA:1001,0
DA:1005,0
DA:1006,0
DA:1007,0
DA:1008,0
DA:1009,0
DA:1047,0
DA:1049,0
DA:1050,0
DA:1051,0
DA:1052,0
DA:1054,0
DA:1055,0
DA:1060,0
DA:1061,0
DA:1062,0
DA:1066,0
DA:1069,0
DA:1070,0
DA:1073,0
DA:1074,0
DA:1080,0
DA:1081,0
DA:1083,0
DA:1087,0
DA:1088,0
DA:1089,0
DA:1106,0
DA:1107,0
DA:1108,0
DA:1109,0
DA:1110,0
DA:1112,0
DA:1117,0
DA:1119,0
DA:1120,0
DA:1123,0
DA:1124,0
DA:1127,0
DA:1128,0
DA:1129,0
DA:1132,0
DA:1133,0
DA:1142,20
LF:448
LH:118
BRDA:184,0,0,1
BRDA:184,0,1,0
BRDA:201,1,0,1
BRDA:215,2,0,1
BRDA:331,3,0,32
BRDA:374,4,0,0
BRDA:374,4,1,0
BRDA:398,5,0,0
BRDA:398,5,1,0
BRDA:400,6,0,0
BRDA:400,6,1,0
BRDA:489,7,0,0
BRDA:497,8,0,0
BRDA:499,9,0,0
BRDA:502,10,0,0
BRDA:502,10,1,0
BRDA:502,11,0,0
BRDA:502,11,1,0
BRDA:529,12,0,0
BRDA:531,13,0,0
BRDA:534,14,0,0
BRDA:534,14,1,0
BRDA:534,15,0,0
BRDA:534,15,1,0
BRDA:540,16,0,0
BRDA:658,17,0,0
BRDA:658,17,1,0
BRDA:665,18,0,0
BRDA:665,18,1,0
BRDA:685,19,0,0
BRDA:685,20,0,0
BRDA:685,20,1,0
BRDA:691,21,0,0
BRDA:692,22,0,0
BRDA:692,22,1,0
BRDA:697,23,0,0
BRDA:697,23,1,0
BRDA:699,24,0,0
BRDA:704,25,0,0
BRDA:714,26,0,0
BRDA:715,27,0,0
BRDA:715,27,1,0
BRDA:723,28,0,0
BRDA:723,29,0,0
BRDA:723,29,1,0
BRDA:729,30,0,0
BRDA:729,31,0,0
BRDA:729,31,1,0
BRDA:735,32,0,0
BRDA:736,33,0,0
BRDA:736,33,1,0
BRDA:741,34,0,0
BRDA:741,34,1,0
BRDA:743,35,0,0
BRDA:745,36,0,0
BRDA:746,37,0,0
BRDA:746,37,1,0
BRDA:754,38,0,0
BRDA:755,39,0,0
BRDA:755,39,1,0
BRDA:791,40,0,0
BRDA:792,41,0,0
BRDA:792,41,1,0
BRDA:813,42,0,0
BRDA:814,43,0,0
BRDA:814,43,1,0
BRDA:829,44,0,0
BRDA:830,45,0,0
BRDA:830,45,1,0
BRDA:831,46,0,0
BRDA:831,46,1,0
BRDA:844,47,0,0
BRDA:848,48,0,0
BRDA:855,49,0,0
BRDA:860,50,0,0
BRDA:861,51,0,0
BRDA:861,51,1,0
BRDA:861,52,0,0
BRDA:861,52,1,0
BRDA:868,53,0,0
BRDA:876,54,0,0
BRDA:883,55,0,0
BRDA:893,56,0,0
BRDA:904,57,0,0
BRDA:919,58,0,0
BRDA:935,59,0,0
BRDA:936,60,0,0
BRDA:936,61,0,0
BRDA:936,61,1,0
BRDA:941,62,0,0
BRDA:941,62,1,0
BRDA:941,63,0,0
BRDA:941,63,1,0
BRDA:950,64,0,0
BRDA:957,65,0,0
BRDA:972,66,0,0
BRDA:593,67,0,0
BRDA:1128,68,0,0
BRDA:1051,69,0,0
BRDA:1142,70,0,20
BRDA:1142,70,1,1
BRF:101
BRH:6
end_of_record
TN:
SF:src/clases/PDF.ts
FN:33,(anonymous_14)
FN:40,(anonymous_15)
FN:57,(anonymous_16)
FN:65,(anonymous_17)
FN:107,(anonymous_18)
FN:132,(anonymous_20)
FN:352,(anonymous_21)
FN:363,(anonymous_22)
FN:384,(anonymous_24)
FN:395,(anonymous_25)
FN:429,(anonymous_27)
FN:441,(anonymous_29)
FN:458,(anonymous_30)
FN:512,(anonymous_31)
FN:569,(anonymous_32)
FN:626,(anonymous_33)
FN:628,(anonymous_34)
FN:633,(anonymous_35)
FNF:18
FNH:0
FNDA:0,(anonymous_14)
FNDA:0,(anonymous_15)
FNDA:0,(anonymous_16)
FNDA:0,(anonymous_17)
FNDA:0,(anonymous_18)
FNDA:0,(anonymous_20)
FNDA:0,(anonymous_21)
FNDA:0,(anonymous_22)
FNDA:0,(anonymous_24)
FNDA:0,(anonymous_25)
FNDA:0,(anonymous_27)
FNDA:0,(anonymous_29)
FNDA:0,(anonymous_30)
FNDA:0,(anonymous_31)
FNDA:0,(anonymous_32)
FNDA:0,(anonymous_33)
FNDA:0,(anonymous_34)
FNDA:0,(anonymous_35)
DA:7,1
DA:8,1
DA:9,1
DA:10,1
DA:11,1
DA:12,1
DA:13,1
DA:14,1
DA:15,1
DA:27,1
DA:34,0
DA:35,0
DA:36,0
DA:37,0
DA:38,0
DA:41,0
DA:42,0
DA:43,0
DA:44,0
DA:45,0
DA:46,0
DA:50,0
DA:52,0
DA:54,0
DA:58,0
DA:59,0
DA:60,0
DA:61,0
DA:63,0
DA:66,0
DA:68,0
DA:69,0
DA:70,0
DA:71,0
DA:72,0
DA:73,0
DA:74,0
DA:75,0
DA:79,0
DA:80,0
DA:81,0
DA:82,0
DA:87,0
DA:88,0
DA:89,0
DA:90,0
DA:91,0
DA:92,0
DA:93,0
DA:95,0
DA:96,0
DA:97,0
DA:98,0
DA:100,0
DA:105,0
DA:108,0
DA:109,0
DA:110,0
DA:111,0
DA:112,0
DA:115,0
DA:116,0
DA:117,0
DA:118,0
DA:119,0
DA:120,0
DA:122,0
DA:126,0
DA:127,0
DA:130,0
DA:131,0
DA:132,0
DA:133,0
DA:134,0
DA:137,0
DA:138,0
DA:139,0
DA:140,0
DA:143,0
DA:144,0
DA:146,0
DA:147,0
DA:148,0
DA:149,0
DA:150,0
DA:151,0
DA:152,0
DA:153,0
DA:155,0
DA:156,0
DA:157,0
DA:160,0
DA:161,0
DA:162,0
DA:163,0
DA:164,0
DA:165,0
DA:168,0
DA:169,0
DA:170,0
DA:171,0
DA:172,0
DA:174,0
DA:175,0
DA:176,0
DA:178,0
DA:180,0
DA:181,0
DA:182,0
DA:186,0
DA:187,0
DA:190,0
DA:196,0
DA:197,0
DA:200,0
DA:201,0
DA:203,0
DA:206,0
DA:209,0
DA:212,0
DA:216,0
DA:220,0
DA:221,0
DA:267,0
DA:268,0
DA:325,0
DA:337,0
DA:339,0
DA:340,0
DA:343,0
DA:345,0
DA:346,0
DA:347,0
DA:348,0
DA:352,0
DA:354,0
DA:356,0
DA:358,0
DA:360,0
DA:364,0
DA:365,0
DA:367,0
DA:368,0
DA:369,0
DA:370,0
DA:371,0
DA:372,0
DA:373,0
DA:382,0
DA:385,0
DA:393,0
DA:403,0
DA:410,0
DA:427,0
DA:436,0
DA:437,0
DA:438,0
DA:439,0
DA:442,0
DA:445,0
DA:458,0
DA:459,0
DA:507,0
DA:508,0
DA:510,0
DA:511,0
DA:512,0
DA:513,0
DA:565,0
DA:567,0
DA:568,0
DA:569,0
DA:570,0
DA:623,0
DA:624,0
DA:627,0
DA:628,0
DA:629,0
DA:632,0
DA:633,0
DA:634,0
DA:637,0
LF:182
LH:10
BRDA:44,0,0,0
BRDA:45,1,0,0
BRDA:60,2,0,0
BRDA:68,3,0,0
BRDA:68,3,1,0
BRDA:70,4,0,0
BRDA:74,5,0,0
BRDA:79,6,0,0
BRDA:80,7,0,0
BRDA:80,7,1,0
BRDA:80,8,0,0
BRDA:80,8,1,0
BRDA:81,9,0,0
BRDA:87,10,0,0
BRDA:90,11,0,0
BRDA:92,12,0,0
BRDA:92,12,1,0
BRDA:95,13,0,0
BRDA:111,14,0,0
BRDA:120,15,0,0
BRDA:120,15,1,0
BRDA:120,16,0,0
BRDA:120,16,1,0
BRDA:120,17,0,0
BRDA:120,17,1,0
BRDA:127,18,0,0
BRDA:127,18,1,0
BRDA:131,19,0,0
BRDA:139,20,0,0
BRDA:144,21,0,0
BRDA:144,21,1,0
BRDA:144,22,0,0
BRDA:144,22,1,0
BRDA:144,23,0,0
BRDA:144,23,1,0
BRDA:144,24,0,0
BRDA:144,24,1,0
BRDA:171,25,0,0
BRDA:172,26,0,0
BRDA:178,27,0,0
BRDA:186,28,0,0
BRDA:196,29,0,0
BRDA:196,30,0,0
BRDA:196,30,1,0
BRDA:203,31,0,0
BRDA:203,31,1,0
BRDA:206,32,0,0
BRDA:206,32,1,0
BRDA:209,33,0,0
BRDA:209,33,1,0
BRDA:212,34,0,0
BRDA:212,34,1,0
BRDA:227,35,0,0
BRDA:227,35,1,0
BRDA:227,36,0,0
BRDA:227,36,1,0
BRDA:246,37,0,0
BRDA:246,37,1,0
BRDA:246,38,0,0
BRDA:246,38,1,0
BRDA:250,39,0,0
BRDA:250,39,1,0
BRDA:250,40,0,0
BRDA:250,40,1,0
BRDA:267,41,0,0
BRDA:267,41,1,0
BRDA:294,42,0,0
BRDA:294,42,1,0
BRDA:294,43,0,0
BRDA:294,43,1,0
BRDA:300,44,0,0
BRDA:300,44,1,0
BRDA:300,45,0,0
BRDA:300,45,1,0
BRDA:463,46,0,0
BRDA:463,46,1,0
BRDA:491,47,0,0
BRDA:491,47,1,0
BRDA:507,48,0,0
BRDA:508,49,0,0
BRDA:535,50,0,0
BRDA:535,50,1,0
BRDA:540,51,0,0
BRDA:540,51,1,0
BRDA:548,52,0,0
BRDA:548,52,1,0
BRDA:553,53,0,0
BRDA:553,53,1,0
BRDA:565,54,0,0
BRDA:592,55,0,0
BRDA:592,55,1,0
BRDA:597,56,0,0
BRDA:597,56,1,0
BRDA:604,57,0,0
BRDA:604,57,1,0
BRDA:609,58,0,0
BRDA:609,58,1,0
BRDA:634,59,0,0
BRDA:634,59,1,0
BRDA:634,60,0,0
BRDA:634,60,1,0
BRF:101
BRH:0
end_of_record
TN:
SF:src/clases/ingreso.ts
FN:31,(anonymous_1)
FN:50,(anonymous_2)
FN:86,(anonymous_3)
FN:117,(anonymous_4)
FN:167,(anonymous_5)
FN:195,(anonymous_6)
FN:200,(anonymous_7)
FN:209,(anonymous_8)
FN:218,(anonymous_9)
FN:227,(anonymous_10)
FN:230,(anonymous_11)
FN:247,(anonymous_12)
FN:265,(anonymous_13)
FN:276,(anonymous_14)
FN:294,(anonymous_15)
FN:316,(anonymous_16)
FNF:16
FNH:4
FNDA:1,(anonymous_1)
FNDA:1,(anonymous_2)
FNDA:0,(anonymous_3)
FNDA:1,(anonymous_4)
FNDA:0,(anonymous_5)
FNDA:1,(anonymous_6)
FNDA:0,(anonymous_7)
FNDA:0,(anonymous_8)
FNDA:0,(anonymous_9)
FNDA:0,(anonymous_10)
FNDA:0,(anonymous_11)
FNDA:0,(anonymous_12)
FNDA:0,(anonymous_13)
FNDA:0,(anonymous_14)
FNDA:0,(anonymous_15)
FNDA:0,(anonymous_16)
DA:1,1
DA:10,1
DA:11,1
DA:41,1
DA:42,1
DA:43,1
DA:44,1
DA:45,1
DA:46,1
DA:47,1
DA:48,1
DA:52,1
DA:54,1
DA:55,1
DA:56,1
DA:57,1
DA:58,1
DA:59,1
DA:60,1
DA:84,1
DA:85,0
DA:86,0
DA:87,0
DA:92,1
DA:93,0
DA:95,1
DA:96,0
DA:102,1
DA:107,1
DA:114,1
DA:115,1
DA:116,1
DA:117,1
DA:118,1
DA:128,1
DA:129,0
DA:131,1
DA:132,0
DA:138,1
DA:140,0
DA:141,0
DA:142,0
DA:143,0
DA:144,0
DA:148,0
DA:151,0
DA:152,0
DA:153,0
DA:155,0
DA:160,0
DA:161,0
DA:162,0
DA:165,0
DA:166,0
DA:167,0
DA:168,0
DA:169,0
DA:170,0
DA:173,0
DA:176,0
DA:177,0
DA:178,0
DA:181,0
DA:182,0
DA:189,0
DA:194,1
DA:195,1
DA:197,1
DA:198,0
DA:199,0
DA:200,0
DA:202,0
DA:203,0
DA:208,0
DA:209,0
DA:211,0
DA:212,0
DA:217,0
DA:219,0
DA:223,0
DA:224,0
DA:225,0
DA:227,0
DA:228,0
DA:229,0
DA:230,0
DA:231,0
DA:232,0
DA:235,0
DA:236,0
DA:238,0
DA:243,0
DA:244,0
DA:246,0
DA:248,0
DA:250,0
DA:251,0
DA:253,0
DA:264,0
DA:265,0
DA:266,0
DA:274,0
DA:275,0
DA:276,0
DA:277,0
DA:282,0
DA:283,0
DA:284,0
DA:288,0
DA:291,0
DA:293,0
DA:295,0
DA:297,0
DA:298,0
DA:301,0
DA:305,0
DA:315,0
DA:316,0
DA:317,0
DA:322,0
DA:323,0
DA:324,0
DA:330,1
LF:123
LH:36
BRDA:52,0,0,1
BRDA:52,0,1,0
BRDA:54,1,0,1
BRDA:54,1,1,0
BRDA:55,2,0,1
BRDA:55,2,1,0
BRDA:56,3,0,1
BRDA:56,3,1,1
BRDA:57,4,0,1
BRDA:57,4,1,0
BRDA:58,5,0,1
BRDA:58,5,1,1
BRDA:59,6,0,1
BRDA:59,6,1,0
BRDA:84,7,0,0
BRDA:92,8,0,0
BRDA:95,9,0,0
BRDA:124,10,0,0
BRDA:124,10,1,1
BRDA:125,11,0,0
BRDA:125,11,1,1
BRDA:128,12,0,0
BRDA:131,13,0,0
BRDA:138,14,0,1
BRDA:140,15,0,0
BRDA:142,16,0,0
BRDA:144,17,0,0
BRDA:144,17,1,0
BRDA:152,18,0,0
BRDA:160,19,0,0
BRDA:165,20,0,0
BRDA:169,21,0,0
BRDA:173,22,0,0
BRDA:173,22,1,0
BRDA:197,23,0,0
BRDA:200,24,0,0
BRDA:200,24,1,0
BRDA:202,25,0,0
BRDA:209,26,0,0
BRDA:209,26,1,0
BRDA:211,27,0,0
BRDA:219,28,0,0
BRDA:219,28,1,0
BRDA:219,28,2,0
BRDA:223,29,0,0
BRDA:228,30,0,0
BRDA:229,31,0,0
BRDA:232,32,0,0
BRDA:232,32,1,0
BRDA:235,33,0,0
BRDA:235,33,1,0
BRDA:248,34,0,0
BRDA:248,34,1,0
BRDA:250,35,0,0
BRDA:250,35,1,0
BRDA:264,36,0,0
BRDA:267,37,0,0
BRDA:267,37,1,0
BRDA:277,38,0,0
BRDA:278,39,0,0
BRDA:278,39,1,0
BRDA:278,39,2,0
BRDA:283,40,0,0
BRDA:283,40,1,0
BRDA:295,41,0,0
BRDA:295,41,1,0
BRDA:297,42,0,0
BRDA:297,42,1,0
BRDA:315,43,0,0
BRDA:322,44,0,0
BRF:70
BRH:12
end_of_record
TN:
SF:src/clases/pago.ts
FN:10,(anonymous_9)
FN:15,(anonymous_10)
FN:19,(anonymous_11)
FN:33,(anonymous_13)
FN:62,(anonymous_14)
FN:76,(anonymous_15)
FN:81,(anonymous_16)
FN:96,(anonymous_17)
FN:106,(anonymous_18)
FN:129,(anonymous_19)
FN:136,(anonymous_20)
FN:152,(anonymous_21)
FN:166,(anonymous_22)
FN:180,(anonymous_23)
FN:191,(anonymous_24)
FN:200,(anonymous_25)
FN:217,(anonymous_26)
FN:218,(anonymous_27)
FN:280,(anonymous_28)
FNF:19
FNH:0
FNDA:0,(anonymous_9)
FNDA:0,(anonymous_10)
FNDA:0,(anonymous_11)
FNDA:0,(anonymous_13)
FNDA:0,(anonymous_14)
FNDA:0,(anonymous_15)
FNDA:0,(anonymous_16)
FNDA:0,(anonymous_17)
FNDA:0,(anonymous_18)
FNDA:0,(anonymous_19)
FNDA:0,(anonymous_20)
FNDA:0,(anonymous_21)
FNDA:0,(anonymous_22)
FNDA:0,(anonymous_23)
FNDA:0,(anonymous_24)
FNDA:0,(anonymous_25)
FNDA:0,(anonymous_26)
FNDA:0,(anonymous_27)
FNDA:0,(anonymous_28)
DA:6,1
DA:7,1
DA:8,0
DA:9,0
DA:11,0
DA:12,0
DA:16,0
DA:20,0
DA:21,0
DA:24,0
DA:25,0
DA:26,0
DA:28,0
DA:29,0
DA:30,0
DA:34,0
DA:35,0
DA:36,0
DA:38,0
DA:39,0
DA:42,0
DA:43,0
DA:46,0
DA:47,0
DA:52,0
DA:53,0
DA:55,0
DA:56,0
DA:57,0
DA:59,0
DA:63,0
DA:64,0
DA:66,0
DA:76,0
DA:77,0
DA:78,0
DA:79,0
DA:81,0
DA:82,0
DA:83,0
DA:85,0
DA:86,0
DA:90,0
DA:93,0
DA:97,0
DA:98,0
DA:99,0
DA:100,0
DA:101,0
DA:102,0
DA:103,0
DA:110,0
DA:111,0
DA:112,0
DA:113,0
DA:114,0
DA:115,0
DA:116,0
DA:117,0
DA:118,0
DA:123,0
DA:124,0
DA:126,0
DA:130,0
DA:131,0
DA:133,0
DA:134,0
DA:136,0
DA:137,0
DA:138,0
DA:139,0
DA:140,0
DA:141,0
DA:142,0
DA:143,0
DA:144,0
DA:148,0
DA:149,0
DA:153,0
DA:154,0
DA:155,0
DA:156,0
DA:158,0
DA:159,0
DA:160,0
DA:163,0
DA:167,0
DA:168,0
DA:169,0
DA:170,0
DA:172,0
DA:173,0
DA:174,0
DA:177,0
DA:181,0
DA:182,0
DA:183,0
DA:185,0
DA:186,0
DA:192,0
DA:193,0
DA:194,0
DA:195,0
DA:196,0
DA:201,0
DA:204,0
DA:207,0
DA:208,0
DA:209,0
DA:210,0
DA:212,0
DA:214,0
DA:215,0
DA:216,0
DA:217,0
DA:219,0
DA:220,0
DA:221,0
DA:222,0
DA:224,0
DA:225,0
DA:226,0
DA:229,0
DA:234,0
DA:235,0
DA:236,0
DA:237,0
DA:238,0
DA:239,0
DA:242,0
DA:243,0
DA:244,0
DA:245,0
DA:246,0
DA:247,0
DA:248,0
DA:249,0
DA:255,0
DA:256,0
DA:257,0
DA:259,0
DA:260,0
DA:261,0
DA:262,0
DA:263,0
DA:265,0
DA:266,0
DA:267,0
DA:268,0
DA:269,0
DA:271,0
DA:272,0
DA:273,0
DA:274,0
DA:275,0
DA:281,0
DA:283,0
DA:285,0
DA:286,0
DA:287,0
DA:290,0
DA:291,0
DA:294,0
DA:295,0
DA:298,0
DA:299,0
DA:302,0
DA:303,0
LF:168
LH:2
BRDA:20,0,0,0
BRDA:38,1,0,0
BRDA:46,2,0,0
BRDA:46,2,1,0
BRDA:85,3,0,0
BRDA:85,4,0,0
BRDA:85,4,1,0
BRDA:123,5,0,0
BRDA:124,6,0,0
BRDA:137,7,0,0
BRDA:137,7,1,0
BRDA:141,8,0,0
BRDA:148,9,0,0
BRDA:149,10,0,0
BRDA:154,11,0,0
BRDA:154,11,1,0
BRDA:154,12,0,0
BRDA:154,12,1,0
BRDA:154,13,0,0
BRDA:154,13,1,0
BRDA:155,14,0,0
BRDA:155,14,1,0
BRDA:155,15,0,0
BRDA:155,15,1,0
BRDA:155,16,0,0
BRDA:155,16,1,0
BRDA:156,17,0,0
BRDA:156,17,1,0
BRDA:156,18,0,0
BRDA:156,18,1,0
BRDA:156,19,0,0
BRDA:156,19,1,0
BRDA:158,20,0,0
BRDA:159,21,0,0
BRDA:159,21,1,0
BRDA:159,22,0,0
BRDA:159,22,1,0
BRDA:159,23,0,0
BRDA:159,23,1,0
BRDA:160,24,0,0
BRDA:160,24,1,0
BRDA:160,25,0,0
BRDA:160,25,1,0
BRDA:160,26,0,0
BRDA:160,26,1,0
BRDA:168,27,0,0
BRDA:168,27,1,0
BRDA:168,28,0,0
BRDA:168,28,1,0
BRDA:168,29,0,0
BRDA:168,29,1,0
BRDA:169,30,0,0
BRDA:169,30,1,0
BRDA:169,31,0,0
BRDA:169,31,1,0
BRDA:169,32,0,0
BRDA:169,32,1,0
BRDA:170,33,0,0
BRDA:170,33,1,0
BRDA:170,34,0,0
BRDA:170,34,1,0
BRDA:170,35,0,0
BRDA:170,35,1,0
BRDA:172,36,0,0
BRDA:173,37,0,0
BRDA:173,37,1,0
BRDA:173,38,0,0
BRDA:173,38,1,0
BRDA:173,39,0,0
BRDA:173,39,1,0
BRDA:174,40,0,0
BRDA:174,40,1,0
BRDA:174,41,0,0
BRDA:174,41,1,0
BRDA:174,42,0,0
BRDA:174,42,1,0
BRDA:181,43,0,0
BRDA:182,44,0,0
BRDA:182,44,1,0
BRDA:183,45,0,0
BRDA:183,45,1,0
BRDA:185,46,0,0
BRDA:185,46,1,0
BRDA:186,47,0,0
BRDA:186,47,1,0
BRDA:192,48,0,0
BRDA:192,48,1,0
BRDA:193,49,0,0
BRDA:193,49,1,0
BRDA:193,49,2,0
BRDA:207,50,0,0
BRDA:207,51,0,0
BRDA:207,51,1,0
BRDA:212,52,0,0
BRDA:212,52,1,0
BRDA:215,53,0,0
BRDA:220,54,0,0
BRDA:220,54,1,0
BRDA:220,55,0,0
BRDA:220,55,1,0
BRDA:220,56,0,0
BRDA:220,56,1,0
BRDA:221,57,0,0
BRDA:221,57,1,0
BRDA:221,58,0,0
BRDA:221,58,1,0
BRDA:221,59,0,0
BRDA:221,59,1,0
BRDA:222,60,0,0
BRDA:222,60,1,0
BRDA:222,61,0,0
BRDA:222,61,1,0
BRDA:222,62,0,0
BRDA:222,62,1,0
BRDA:224,63,0,0
BRDA:225,64,0,0
BRDA:225,64,1,0
BRDA:225,65,0,0
BRDA:225,65,1,0
BRDA:225,66,0,0
BRDA:225,66,1,0
BRDA:226,67,0,0
BRDA:226,67,1,0
BRDA:226,68,0,0
BRDA:226,68,1,0
BRDA:226,69,0,0
BRDA:226,69,1,0
BRDA:234,70,0,0
BRDA:242,71,0,0
BRDA:255,72,0,0
BRDA:255,73,0,0
BRDA:255,73,1,0
BRDA:255,73,2,0
BRDA:259,74,0,0
BRDA:265,75,0,0
BRDA:271,76,0,0
BRDA:285,77,0,0
BRDA:290,78,0,0
BRDA:294,79,0,0
BRDA:298,80,0,0
BRDA:302,81,0,0
BRF:141
BRH:0
end_of_record
TN:
SF:src/utilerias/buscadorClaves.ts
FN:9,buscarUsoCFDI
FN:14,(anonymous_2)
FN:19,buscarRegimenFiscal
FN:26,(anonymous_4)
FN:31,buscarTipoRelacion
FN:38,(anonymous_6)
FN:43,buscarFormaPago
FN:50,(anonymous_8)
FN:55,buscarMetodoPago
FN:62,(anonymous_10)
FN:67,buscarMeses
FN:72,(anonymous_12)
FN:77,buscarPeriodicidad
FN:84,(anonymous_14)
FNF:14
FNH:0
FNDA:0,buscarUsoCFDI
FNDA:0,(anonymous_2)
FNDA:0,buscarRegimenFiscal
FNDA:0,(anonymous_4)
FNDA:0,buscarTipoRelacion
FNDA:0,(anonymous_6)
FNDA:0,buscarFormaPago
FNDA:0,(anonymous_8)
FNDA:0,buscarMetodoPago
FNDA:0,(anonymous_10)
FNDA:0,buscarMeses
FNDA:0,(anonymous_12)
FNDA:0,buscarPeriodicidad
FNDA:0,(anonymous_14)
DA:1,1
DA:2,1
DA:8,1
DA:9,1
DA:10,0
DA:11,0
DA:12,0
DA:13,0
DA:14,0
DA:16,0
DA:19,1
DA:22,0
DA:23,0
DA:24,0
DA:25,0
DA:26,0
DA:28,0
DA:31,1
DA:34,0
DA:35,0
DA:36,0
DA:37,0
DA:38,0
DA:40,0
DA:43,1
DA:46,0
DA:47,0
DA:48,0
DA:49,0
DA:50,0
DA:52,0
DA:55,1
DA:58,0
DA:59,0
DA:60,0
DA:61,0
DA:62,0
DA:64,0
DA:67,1
DA:68,0
DA:69,0
DA:70,0
DA:71,0
DA:72,0
DA:74,0
DA:77,1
DA:80,0
DA:81,0
DA:82,0
DA:83,0
DA:84,0
DA:86,0
LF:52
LH:10
BRF:0
BRH:0
end_of_record
TN:
SF:src/utilerias/utils.ts
FN:1,numberToWords
FNF:1
FNH:0
FNDA:0,numberToWords
DA:1,1
DA:2,0
DA:3,0
DA:4,0
DA:5,0
DA:6,0
DA:7,0
DA:8,0
DA:9,0
DA:10,0
DA:11,0
DA:12,0
DA:13,0
DA:14,0
DA:15,0
DA:16,0
DA:17,0
DA:18,0
DA:19,0
DA:20,0
DA:21,0
DA:22,0
DA:23,0
DA:24,0
DA:25,0
DA:26,0
DA:27,0
DA:28,0
DA:29,0
DA:30,0
DA:31,0
DA:32,0
DA:33,0
DA:37,0
DA:38,0
DA:39,0
DA:41,0
DA:48,0
DA:49,0
DA:50,0
DA:51,0
DA:52,0
DA:53,0
DA:57,0
DA:58,0
DA:59,0
DA:60,0
DA:61,0
DA:62,0
DA:63,0
DA:65,0
DA:66,0
DA:67,0
DA:69,0
DA:70,0
DA:72,0
DA:73,0
DA:79,0
DA:80,0
DA:81,0
DA:90,0
DA:92,0
DA:93,0
DA:104,0
LF:64
LH:1
BRDA:4,0,0,0
BRDA:4,0,1,0
BRDA:5,1,0,0
BRDA:5,1,1,0
BRDA:6,2,0,0
BRDA:6,2,1,0
BRDA:7,3,0,0
BRDA:7,3,1,0
BRDA:8,4,0,0
BRDA:8,4,1,0
BRDA:9,5,0,0
BRDA:9,5,1,0
BRDA:10,6,0,0
BRDA:10,6,1,0
BRDA:11,7,0,0
BRDA:11,7,1,0
BRDA:12,8,0,0
BRDA:12,8,1,0
BRDA:13,9,0,0
BRDA:13,9,1,0
BRDA:14,10,0,0
BRDA:14,10,1,0
BRDA:15,11,0,0
BRDA:15,11,1,0
BRDA:16,12,0,0
BRDA:16,12,1,0
BRDA:17,13,0,0
BRDA:17,13,1,0
BRDA:18,14,0,0
BRDA:18,14,1,0
BRDA:19,15,0,0
BRDA:19,15,1,0
BRDA:20,16,0,0
BRDA:20,16,1,0
BRDA:22,17,0,0
BRDA:22,17,1,0
BRDA:23,18,0,0
BRDA:23,18,1,0
BRDA:25,19,0,0
BRDA:25,19,1,0
BRDA:26,20,0,0
BRDA:26,20,1,0
BRDA:27,21,0,0
BRDA:27,21,1,0
BRDA:28,22,0,0
BRDA:28,22,1,0
BRDA:29,23,0,0
BRDA:29,23,1,0
BRDA:30,24,0,0
BRDA:30,24,1,0
BRDA:31,25,0,0
BRDA:31,25,1,0
BRDA:32,26,0,0
BRDA:32,26,1,0
BRDA:37,27,0,0
BRDA:37,27,1,0
BRDA:38,28,0,0
BRDA:38,28,1,0
BRDA:41,29,0,0
BRDA:41,29,1,0
BRDA:42,30,0,0
BRDA:42,30,1,0
BRDA:42,30,2,0
BRDA:42,30,3,0
BRDA:42,30,4,0
BRDA:49,31,0,0
BRDA:49,31,1,0
BRDA:50,32,0,0
BRDA:50,32,1,0
BRDA:51,33,0,0
BRDA:51,33,1,0
BRDA:52,34,0,0
BRDA:52,34,1,0
BRDA:57,35,0,0
BRDA:57,35,1,0
BRDA:58,36,0,0
BRDA:58,36,1,0
BRDA:60,37,0,0
BRDA:60,37,1,0
BRDA:62,38,0,0
BRDA:65,39,0,0
BRDA:65,39,1,0
BRDA:66,40,0,0
BRDA:66,40,1,0
BRDA:69,41,0,0
BRDA:69,41,1,0
BRDA:72,42,0,0
BRDA:79,43,0,0
BRDA:79,43,1,0
BRDA:80,44,0,0
BRDA:80,44,1,0
BRDA:92,45,0,0
BRF:92
BRH:0
end_of_record
